<?xml version="1.0" ?>
<!DOCTYPE coverage SYSTEM "http://cobertura.sourceforge.net/xml/coverage-04.dtd">
<coverage lines-valid="963" lines-covered="846" line-rate="0.8785" branches-valid="244" branches-covered="173" branch-rate="0.7090000000000001" timestamp="1773901047333" complexity="0" version="0.1">
  <sources>
    <source>/home/runner/work/React-Poke-App-DDD-Example/React-Poke-App-DDD-Example</source>
  </sources>
  <packages>
    <package name="src" line-rate="0" branch-rate="1">
      <classes>
        <class name="main.tsx" filename="src/main.tsx" line-rate="0" branch-rate="1">
          <methods>
          </methods>
          <lines>
            <line number="1" hits="0" branch="false"/>
            <line number="2" hits="0" branch="false"/>
            <line number="3" hits="0" branch="false"/>
            <line number="4" hits="0" branch="false"/>
            <line number="5" hits="0" branch="false"/>
            <line number="7" hits="0" branch="false"/>
            <line number="9" hits="0" branch="false"/>
          </lines>
        </class>
        <class name="styles.d.ts" filename="src/styles.d.ts" line-rate="0" branch-rate="0">
          <methods>
          </methods>
          <lines>
          </lines>
        </class>
      </classes>
    </package>
    <package name="src.pokemon.application.dtos" line-rate="0.0909" branch-rate="0">
      <classes>
        <class name="PokemonDto.ts" filename="src/pokemon/application/dtos/PokemonDto.ts" line-rate="0.0909" branch-rate="0">
          <methods>
            <method name="(anonymous_0)" hits="0" signature="()V">
              <lines>
                <line number="4" hits="0"/>
              </lines>
            </method>
            <method name="(anonymous_1)" hits="0" signature="()V">
              <lines>
                <line number="16" hits="0"/>
              </lines>
            </method>
          </methods>
          <lines>
            <line number="3" hits="1" branch="false"/>
            <line number="5" hits="0" branch="false"/>
            <line number="6" hits="0" branch="false"/>
            <line number="7" hits="0" branch="false"/>
            <line number="8" hits="0" branch="false"/>
            <line number="9" hits="0" branch="false"/>
            <line number="10" hits="0" branch="false"/>
            <line number="11" hits="0" branch="false"/>
            <line number="12" hits="0" branch="true" condition-coverage="0% (0/1)"/>
            <line number="13" hits="0" branch="true" condition-coverage="0% (0/1)"/>
            <line number="17" hits="0" branch="false"/>
          </lines>
        </class>
      </classes>
    </package>
    <package name="src.pokemon.application.services" line-rate="1" branch-rate="1">
      <classes>
        <class name="Formatter.ts" filename="src/pokemon/application/services/Formatter.ts" line-rate="1" branch-rate="1">
          <methods>
            <method name="(anonymous_0)" hits="8" signature="()V">
              <lines>
                <line number="2" hits="8"/>
              </lines>
            </method>
          </methods>
          <lines>
            <line number="1" hits="11" branch="false"/>
            <line number="3" hits="8" branch="true" condition-coverage="100% (2/2)"/>
          </lines>
        </class>
      </classes>
    </package>
    <package name="src.pokemon.application.use-cases" line-rate="0.9801000000000001" branch-rate="0.9687">
      <classes>
        <class name="AddPokemonToCart.ts" filename="src/pokemon/application/use-cases/AddPokemonToCart.ts" line-rate="1" branch-rate="0.875">
          <methods>
            <method name="(anonymous_0)" hits="11" signature="()V">
              <lines>
                <line number="11" hits="11"/>
              </lines>
            </method>
            <method name="(anonymous_1)" hits="3" signature="()V">
              <lines>
                <line number="16" hits="3"/>
              </lines>
            </method>
            <method name="(anonymous_2)" hits="3" signature="()V">
              <lines>
                <line number="28" hits="3"/>
              </lines>
            </method>
            <method name="(anonymous_3)" hits="3" signature="()V">
              <lines>
                <line number="29" hits="3"/>
              </lines>
            </method>
          </methods>
          <lines>
            <line number="1" hits="9" branch="false"/>
            <line number="2" hits="9" branch="false"/>
            <line number="5" hits="9" branch="false"/>
            <line number="8" hits="9" branch="false"/>
            <line number="10" hits="9" branch="false"/>
            <line number="12" hits="11" branch="false"/>
            <line number="13" hits="11" branch="false"/>
            <line number="20" hits="3" branch="false"/>
            <line number="28" hits="3" branch="false"/>
            <line number="29" hits="3" branch="false"/>
            <line number="34" hits="3" branch="true" condition-coverage="100% (2/2)"/>
            <line number="35" hits="1" branch="false"/>
            <line number="36" hits="1" branch="false"/>
            <line number="38" hits="2" branch="false"/>
            <line number="41" hits="3" branch="true" condition-coverage="100% (4/4)"/>
            <line number="42" hits="1" branch="false"/>
            <line number="45" hits="2" branch="false"/>
            <line number="47" hits="2" branch="false"/>
            <line number="49" hits="2" branch="false"/>
          </lines>
        </class>
        <class name="CreateSuggestions.ts" filename="src/pokemon/application/use-cases/CreateSuggestions.ts" line-rate="1" branch-rate="1">
          <methods>
            <method name="(anonymous_0)" hits="10" signature="()V">
              <lines>
                <line number="6" hits="10"/>
              </lines>
            </method>
            <method name="(anonymous_1)" hits="2" signature="()V">
              <lines>
                <line number="11" hits="2"/>
              </lines>
            </method>
            <method name="(anonymous_2)" hits="2" signature="()V">
              <lines>
                <line number="19" hits="2"/>
              </lines>
            </method>
          </methods>
          <lines>
            <line number="2" hits="9" branch="false"/>
            <line number="5" hits="9" branch="false"/>
            <line number="7" hits="10" branch="false"/>
            <line number="8" hits="10" branch="false"/>
            <line number="12" hits="2" branch="true" condition-coverage="100% (2/2)"/>
            <line number="13" hits="1" branch="false"/>
            <line number="16" hits="1" branch="false"/>
            <line number="18" hits="1" branch="false"/>
            <line number="19" hits="2" branch="false"/>
          </lines>
        </class>
        <class name="FindSuggestions.ts" filename="src/pokemon/application/use-cases/FindSuggestions.ts" line-rate="1" branch-rate="1">
          <methods>
            <method name="(anonymous_0)" hits="11" signature="()V">
              <lines>
                <line number="4" hits="11"/>
              </lines>
            </method>
            <method name="(anonymous_1)" hits="5" signature="()V">
              <lines>
                <line number="8" hits="5"/>
              </lines>
            </method>
            <method name="(anonymous_2)" hits="2" signature="()V">
              <lines>
                <line number="15" hits="2"/>
              </lines>
            </method>
          </methods>
          <lines>
            <line number="3" hits="9" branch="false"/>
            <line number="5" hits="11" branch="false"/>
            <line number="9" hits="5" branch="true" condition-coverage="100% (2/2)"/>
            <line number="10" hits="1" branch="false"/>
            <line number="13" hits="4" branch="false"/>
            <line number="15" hits="4" branch="false"/>
          </lines>
        </class>
        <class name="GetAbilitiesForPokemon.ts" filename="src/pokemon/application/use-cases/GetAbilitiesForPokemon.ts" line-rate="1" branch-rate="1">
          <methods>
            <method name="(anonymous_0)" hits="10" signature="()V">
              <lines>
                <line number="6" hits="10"/>
              </lines>
            </method>
            <method name="(anonymous_1)" hits="2" signature="()V">
              <lines>
                <line number="8" hits="2"/>
              </lines>
            </method>
            <method name="(anonymous_2)" hits="2" signature="()V">
              <lines>
                <line number="10" hits="2"/>
              </lines>
            </method>
            <method name="(anonymous_3)" hits="2" signature="()V">
              <lines>
                <line number="17" hits="2"/>
              </lines>
            </method>
            <method name="(anonymous_4)" hits="1" signature="()V">
              <lines>
                <line number="19" hits="1"/>
              </lines>
            </method>
          </methods>
          <lines>
            <line number="3" hits="9" branch="false"/>
            <line number="5" hits="9" branch="false"/>
            <line number="6" hits="10" branch="false"/>
            <line number="9" hits="2" branch="false"/>
            <line number="11" hits="2" branch="false"/>
            <line number="15" hits="2" branch="false"/>
            <line number="17" hits="2" branch="false"/>
            <line number="19" hits="1" branch="false"/>
          </lines>
        </class>
        <class name="GetMovesForPokemon.ts" filename="src/pokemon/application/use-cases/GetMovesForPokemon.ts" line-rate="1" branch-rate="1">
          <methods>
            <method name="(anonymous_0)" hits="10" signature="()V">
              <lines>
                <line number="6" hits="10"/>
              </lines>
            </method>
            <method name="(anonymous_1)" hits="2" signature="()V">
              <lines>
                <line number="8" hits="2"/>
              </lines>
            </method>
            <method name="(anonymous_2)" hits="2" signature="()V">
              <lines>
                <line number="10" hits="2"/>
              </lines>
            </method>
            <method name="(anonymous_3)" hits="2" signature="()V">
              <lines>
                <line number="16" hits="2"/>
              </lines>
            </method>
            <method name="(anonymous_4)" hits="1" signature="()V">
              <lines>
                <line number="17" hits="1"/>
              </lines>
            </method>
          </methods>
          <lines>
            <line number="3" hits="9" branch="false"/>
            <line number="5" hits="9" branch="false"/>
            <line number="6" hits="10" branch="false"/>
            <line number="9" hits="2" branch="false"/>
            <line number="11" hits="2" branch="false"/>
            <line number="15" hits="2" branch="false"/>
            <line number="16" hits="2" branch="false"/>
            <line number="17" hits="1" branch="false"/>
          </lines>
        </class>
        <class name="GetPokemonCart.ts" filename="src/pokemon/application/use-cases/GetPokemonCart.ts" line-rate="1" branch-rate="1">
          <methods>
            <method name="(anonymous_0)" hits="10" signature="()V">
              <lines>
                <line number="5" hits="10"/>
              </lines>
            </method>
            <method name="(anonymous_1)" hits="4" signature="()V">
              <lines>
                <line number="7" hits="4"/>
              </lines>
            </method>
          </methods>
          <lines>
            <line number="2" hits="9" branch="false"/>
            <line number="4" hits="9" branch="false"/>
            <line number="5" hits="10" branch="false"/>
            <line number="8" hits="4" branch="false"/>
            <line number="10" hits="4" branch="true" condition-coverage="100% (2/2)"/>
            <line number="11" hits="3" branch="false"/>
            <line number="14" hits="1" branch="false"/>
          </lines>
        </class>
        <class name="GetPokemonNames.ts" filename="src/pokemon/application/use-cases/GetPokemonNames.ts" line-rate="0.5" branch-rate="1">
          <methods>
            <method name="(anonymous_0)" hits="8" signature="()V">
              <lines>
                <line number="4" hits="8"/>
              </lines>
            </method>
            <method name="(anonymous_1)" hits="0" signature="()V">
              <lines>
                <line number="6" hits="0"/>
              </lines>
            </method>
            <method name="(anonymous_2)" hits="0" signature="()V">
              <lines>
                <line number="9" hits="0"/>
              </lines>
            </method>
          </methods>
          <lines>
            <line number="3" hits="8" branch="false"/>
            <line number="4" hits="8" branch="false"/>
            <line number="7" hits="0" branch="false"/>
            <line number="9" hits="0" branch="false"/>
          </lines>
        </class>
        <class name="GetPokemons.ts" filename="src/pokemon/application/use-cases/GetPokemons.ts" line-rate="1" branch-rate="1">
          <methods>
            <method name="(anonymous_0)" hits="11" signature="()V">
              <lines>
                <line number="5" hits="11"/>
              </lines>
            </method>
            <method name="(anonymous_1)" hits="3" signature="()V">
              <lines>
                <line number="7" hits="3"/>
              </lines>
            </method>
          </methods>
          <lines>
            <line number="2" hits="9" branch="false"/>
            <line number="4" hits="9" branch="false"/>
            <line number="5" hits="11" branch="false"/>
            <line number="8" hits="3" branch="true" condition-coverage="100% (2/2)"/>
            <line number="9" hits="1" branch="false"/>
            <line number="12" hits="2" branch="true" condition-coverage="100% (2/2)"/>
            <line number="13" hits="1" branch="false"/>
            <line number="16" hits="1" branch="false"/>
            <line number="18" hits="1" branch="false"/>
          </lines>
        </class>
        <class name="RemovePokemonFromCart.ts" filename="src/pokemon/application/use-cases/RemovePokemonFromCart.ts" line-rate="1" branch-rate="1">
          <methods>
            <method name="(anonymous_0)" hits="11" signature="()V">
              <lines>
                <line number="10" hits="11"/>
              </lines>
            </method>
            <method name="(anonymous_1)" hits="3" signature="()V">
              <lines>
                <line number="15" hits="3"/>
              </lines>
            </method>
          </methods>
          <lines>
            <line number="3" hits="9" branch="false"/>
            <line number="6" hits="9" branch="false"/>
            <line number="7" hits="9" branch="false"/>
            <line number="9" hits="9" branch="false"/>
            <line number="11" hits="11" branch="false"/>
            <line number="12" hits="11" branch="false"/>
            <line number="16" hits="3" branch="false"/>
            <line number="18" hits="3" branch="false"/>
            <line number="20" hits="3" branch="true" condition-coverage="100% (4/4)"/>
            <line number="21" hits="2" branch="false"/>
            <line number="24" hits="1" branch="false"/>
            <line number="26" hits="1" branch="false"/>
            <line number="28" hits="1" branch="false"/>
          </lines>
        </class>
        <class name="SearchPokemonById.ts" filename="src/pokemon/application/use-cases/SearchPokemonById.ts" line-rate="1" branch-rate="1">
          <methods>
            <method name="(anonymous_0)" hits="11" signature="()V">
              <lines>
                <line number="6" hits="11"/>
              </lines>
            </method>
            <method name="(anonymous_1)" hits="4" signature="()V">
              <lines>
                <line number="8" hits="4"/>
              </lines>
            </method>
          </methods>
          <lines>
            <line number="1" hits="9" branch="false"/>
            <line number="3" hits="9" branch="false"/>
            <line number="5" hits="9" branch="false"/>
            <line number="6" hits="11" branch="false"/>
            <line number="9" hits="4" branch="true" condition-coverage="100% (2/2)"/>
            <line number="10" hits="2" branch="false"/>
            <line number="13" hits="2" branch="false"/>
            <line number="15" hits="2" branch="false"/>
            <line number="17" hits="2" branch="true" condition-coverage="100% (2/2)"/>
          </lines>
        </class>
        <class name="SearchPokemonByName.ts" filename="src/pokemon/application/use-cases/SearchPokemonByName.ts" line-rate="1" branch-rate="1">
          <methods>
            <method name="(anonymous_0)" hits="12" signature="()V">
              <lines>
                <line number="6" hits="12"/>
              </lines>
            </method>
            <method name="(anonymous_1)" hits="5" signature="()V">
              <lines>
                <line number="8" hits="5"/>
              </lines>
            </method>
          </methods>
          <lines>
            <line number="1" hits="9" branch="false"/>
            <line number="3" hits="9" branch="false"/>
            <line number="5" hits="9" branch="false"/>
            <line number="6" hits="12" branch="false"/>
            <line number="9" hits="5" branch="true" condition-coverage="100% (4/4)"/>
            <line number="10" hits="2" branch="false"/>
            <line number="13" hits="3" branch="false"/>
            <line number="14" hits="3" branch="false"/>
            <line number="16" hits="3" branch="true" condition-coverage="100% (2/2)"/>
          </lines>
        </class>
      </classes>
    </package>
    <package name="src.pokemon.application.views" line-rate="0.9318000000000001" branch-rate="0.2">
      <classes>
        <class name="AbilityView.ts" filename="src/pokemon/application/views/AbilityView.ts" line-rate="1" branch-rate="1">
          <methods>
            <method name="(anonymous_0)" hits="1" signature="()V">
              <lines>
                <line number="11" hits="1"/>
              </lines>
            </method>
            <method name="(anonymous_1)" hits="1" signature="()V">
              <lines>
                <line number="18" hits="1"/>
              </lines>
            </method>
          </methods>
          <lines>
            <line number="2" hits="9" branch="false"/>
            <line number="4" hits="9" branch="false"/>
            <line number="5" hits="9" branch="false"/>
            <line number="12" hits="1" branch="false"/>
            <line number="13" hits="1" branch="false"/>
            <line number="14" hits="1" branch="false"/>
            <line number="15" hits="1" branch="false"/>
            <line number="19" hits="1" branch="false"/>
          </lines>
        </class>
        <class name="CartView.ts" filename="src/pokemon/application/views/CartView.ts" line-rate="0.6666" branch-rate="1">
          <methods>
            <method name="(anonymous_0)" hits="9" signature="()V">
              <lines>
                <line number="5" hits="9"/>
              </lines>
            </method>
            <method name="(anonymous_1)" hits="0" signature="()V">
              <lines>
                <line number="10" hits="0"/>
              </lines>
            </method>
            <method name="(anonymous_2)" hits="0" signature="()V">
              <lines>
                <line number="14" hits="0"/>
              </lines>
            </method>
            <method name="(anonymous_3)" hits="0" signature="()V">
              <lines>
                <line number="15" hits="0"/>
              </lines>
            </method>
            <method name="(anonymous_4)" hits="0" signature="()V">
              <lines>
                <line number="18" hits="0"/>
              </lines>
            </method>
            <method name="(anonymous_5)" hits="9" signature="()V">
              <lines>
                <line number="22" hits="9"/>
              </lines>
            </method>
            <method name="(anonymous_6)" hits="6" signature="()V">
              <lines>
                <line number="25" hits="6"/>
              </lines>
            </method>
          </methods>
          <lines>
            <line number="1" hits="13" branch="false"/>
            <line number="4" hits="13" branch="false"/>
            <line number="6" hits="9" branch="false"/>
            <line number="7" hits="9" branch="false"/>
            <line number="11" hits="0" branch="false"/>
            <line number="15" hits="0" branch="false"/>
            <line number="19" hits="0" branch="false"/>
            <line number="23" hits="9" branch="false"/>
            <line number="25" hits="6" branch="false"/>
          </lines>
        </class>
        <class name="MoveView.ts" filename="src/pokemon/application/views/MoveView.ts" line-rate="1" branch-rate="1">
          <methods>
            <method name="(anonymous_0)" hits="1" signature="()V">
              <lines>
                <line number="15" hits="1"/>
              </lines>
            </method>
            <method name="(anonymous_1)" hits="1" signature="()V">
              <lines>
                <line number="26" hits="1"/>
              </lines>
            </method>
          </methods>
          <lines>
            <line number="2" hits="9" branch="false"/>
            <line number="4" hits="9" branch="false"/>
            <line number="5" hits="9" branch="false"/>
            <line number="16" hits="1" branch="false"/>
            <line number="17" hits="1" branch="false"/>
            <line number="18" hits="1" branch="false"/>
            <line number="19" hits="1" branch="false"/>
            <line number="20" hits="1" branch="false"/>
            <line number="21" hits="1" branch="false"/>
            <line number="22" hits="1" branch="false"/>
            <line number="23" hits="1" branch="false"/>
            <line number="27" hits="1" branch="false"/>
          </lines>
        </class>
        <class name="PokemonView.ts" filename="src/pokemon/application/views/PokemonView.ts" line-rate="1" branch-rate="0.2">
          <methods>
            <method name="(anonymous_0)" hits="19" signature="()V">
              <lines>
                <line number="4" hits="19"/>
              </lines>
            </method>
            <method name="(anonymous_1)" hits="19" signature="()V">
              <lines>
                <line number="17" hits="19"/>
              </lines>
            </method>
            <method name="(anonymous_2)" hits="26" signature="()V">
              <lines>
                <line number="24" hits="26"/>
              </lines>
            </method>
            <method name="(anonymous_3)" hits="19" signature="()V">
              <lines>
                <line number="28" hits="19"/>
              </lines>
            </method>
            <method name="(anonymous_4)" hits="19" signature="()V">
              <lines>
                <line number="29" hits="19"/>
              </lines>
            </method>
          </methods>
          <lines>
            <line number="3" hits="19" branch="false"/>
            <line number="5" hits="19" branch="false"/>
            <line number="6" hits="19" branch="false"/>
            <line number="7" hits="19" branch="false"/>
            <line number="8" hits="19" branch="true" condition-coverage="0% (0/1)"/>
            <line number="9" hits="19" branch="false"/>
            <line number="10" hits="19" branch="false"/>
            <line number="11" hits="19" branch="false"/>
            <line number="12" hits="19" branch="false"/>
            <line number="13" hits="19" branch="true" condition-coverage="0% (0/1)"/>
            <line number="14" hits="19" branch="true" condition-coverage="0% (0/1)"/>
            <line number="18" hits="19" branch="false"/>
            <line number="24" hits="26" branch="false"/>
            <line number="28" hits="19" branch="false"/>
            <line number="29" hits="19" branch="true" condition-coverage="50% (1/2)"/>
          </lines>
        </class>
      </classes>
    </package>
    <package name="src.pokemon.domain.entities" line-rate="0.9732999999999999" branch-rate="0.3333">
      <classes>
        <class name="Ability.ts" filename="src/pokemon/domain/entities/Ability.ts" line-rate="1" branch-rate="1">
          <methods>
            <method name="(anonymous_0)" hits="2" signature="()V">
              <lines>
                <line number="7" hits="2"/>
              </lines>
            </method>
            <method name="(anonymous_1)" hits="2" signature="()V">
              <lines>
                <line number="14" hits="2"/>
              </lines>
            </method>
          </methods>
          <lines>
            <line number="1" hits="10" branch="false"/>
            <line number="2" hits="10" branch="false"/>
            <line number="3" hits="10" branch="false"/>
            <line number="4" hits="10" branch="false"/>
            <line number="6" hits="10" branch="false"/>
            <line number="8" hits="2" branch="false"/>
            <line number="9" hits="2" branch="false"/>
            <line number="10" hits="2" branch="false"/>
            <line number="11" hits="2" branch="false"/>
            <line number="20" hits="2" branch="false"/>
          </lines>
        </class>
        <class name="Cart.ts" filename="src/pokemon/domain/entities/Cart.ts" line-rate="1" branch-rate="0.3333">
          <methods>
            <method name="(anonymous_0)" hits="12" signature="()V">
              <lines>
                <line number="6" hits="12"/>
              </lines>
            </method>
            <method name="(anonymous_1)" hits="9" signature="()V">
              <lines>
                <line number="11" hits="9"/>
              </lines>
            </method>
            <method name="(anonymous_2)" hits="1" signature="()V">
              <lines>
                <line number="17" hits="1"/>
              </lines>
            </method>
            <method name="(anonymous_3)" hits="1" signature="()V">
              <lines>
                <line number="19" hits="1"/>
              </lines>
            </method>
            <method name="(anonymous_4)" hits="16" signature="()V">
              <lines>
                <line number="23" hits="16"/>
              </lines>
            </method>
            <method name="(anonymous_5)" hits="15" signature="()V">
              <lines>
                <line number="27" hits="15"/>
              </lines>
            </method>
            <method name="(anonymous_6)" hits="5" signature="()V">
              <lines>
                <line number="28" hits="5"/>
              </lines>
            </method>
            <method name="(anonymous_7)" hits="2" signature="()V">
              <lines>
                <line number="31" hits="2"/>
              </lines>
            </method>
            <method name="(anonymous_8)" hits="10" signature="()V">
              <lines>
                <line number="35" hits="10"/>
              </lines>
            </method>
          </methods>
          <lines>
            <line number="1" hits="13" branch="false"/>
            <line number="5" hits="13" branch="false"/>
            <line number="7" hits="12" branch="false"/>
            <line number="8" hits="12" branch="true" condition-coverage="0% (0/1)"/>
            <line number="12" hits="9" branch="true" condition-coverage="50% (1/2)"/>
            <line number="13" hits="9" branch="false"/>
            <line number="18" hits="1" branch="false"/>
            <line number="19" hits="1" branch="false"/>
            <line number="24" hits="16" branch="false"/>
            <line number="28" hits="15" branch="false"/>
            <line number="32" hits="2" branch="false"/>
            <line number="36" hits="10" branch="false"/>
          </lines>
        </class>
        <class name="Move.ts" filename="src/pokemon/domain/entities/Move.ts" line-rate="1" branch-rate="1">
          <methods>
            <method name="(anonymous_0)" hits="2" signature="()V">
              <lines>
                <line number="11" hits="2"/>
              </lines>
            </method>
            <method name="(anonymous_1)" hits="2" signature="()V">
              <lines>
                <line number="22" hits="2"/>
              </lines>
            </method>
          </methods>
          <lines>
            <line number="1" hits="10" branch="false"/>
            <line number="2" hits="10" branch="false"/>
            <line number="3" hits="10" branch="false"/>
            <line number="4" hits="10" branch="false"/>
            <line number="5" hits="10" branch="false"/>
            <line number="6" hits="10" branch="false"/>
            <line number="7" hits="10" branch="false"/>
            <line number="8" hits="10" branch="false"/>
            <line number="10" hits="10" branch="false"/>
            <line number="12" hits="2" branch="false"/>
            <line number="13" hits="2" branch="false"/>
            <line number="14" hits="2" branch="false"/>
            <line number="15" hits="2" branch="false"/>
            <line number="16" hits="2" branch="false"/>
            <line number="17" hits="2" branch="false"/>
            <line number="18" hits="2" branch="false"/>
            <line number="19" hits="2" branch="false"/>
            <line number="32" hits="2" branch="false"/>
          </lines>
        </class>
        <class name="Pokemon.ts" filename="src/pokemon/domain/entities/Pokemon.ts" line-rate="1" branch-rate="1">
          <methods>
            <method name="(anonymous_0)" hits="30" signature="()V">
              <lines>
                <line number="11" hits="30"/>
              </lines>
            </method>
            <method name="(anonymous_1)" hits="30" signature="()V">
              <lines>
                <line number="23" hits="30"/>
              </lines>
            </method>
            <method name="(anonymous_2)" hits="37" signature="()V">
              <lines>
                <line number="36" hits="37"/>
              </lines>
            </method>
            <method name="(anonymous_3)" hits="28" signature="()V">
              <lines>
                <line number="49" hits="28"/>
              </lines>
            </method>
            <method name="(anonymous_4)" hits="28" signature="()V">
              <lines>
                <line number="50" hits="28"/>
              </lines>
            </method>
          </methods>
          <lines>
            <line number="1" hits="19" branch="false"/>
            <line number="2" hits="19" branch="false"/>
            <line number="3" hits="19" branch="false"/>
            <line number="4" hits="19" branch="false"/>
            <line number="5" hits="19" branch="false"/>
            <line number="6" hits="19" branch="false"/>
            <line number="7" hits="19" branch="false"/>
            <line number="8" hits="19" branch="false"/>
            <line number="10" hits="19" branch="false"/>
            <line number="12" hits="30" branch="false"/>
            <line number="13" hits="30" branch="false"/>
            <line number="14" hits="30" branch="false"/>
            <line number="15" hits="30" branch="false"/>
            <line number="16" hits="30" branch="false"/>
            <line number="17" hits="30" branch="false"/>
            <line number="18" hits="30" branch="false"/>
            <line number="19" hits="30" branch="false"/>
            <line number="20" hits="30" branch="false"/>
            <line number="34" hits="30" branch="false"/>
            <line number="35" hits="30" branch="false"/>
            <line number="36" hits="37" branch="false"/>
            <line number="37" hits="30" branch="false"/>
            <line number="38" hits="30" branch="false"/>
            <line number="39" hits="30" branch="false"/>
            <line number="41" hits="30" branch="false"/>
            <line number="49" hits="28" branch="false"/>
            <line number="50" hits="28" branch="false"/>
          </lines>
        </class>
        <class name="Suggestion.ts" filename="src/pokemon/domain/entities/Suggestion.ts" line-rate="0.75" branch-rate="1">
          <methods>
            <method name="(anonymous_0)" hits="28" signature="()V">
              <lines>
                <line number="6" hits="28"/>
              </lines>
            </method>
            <method name="(anonymous_1)" hits="0" signature="()V">
              <lines>
                <line number="11" hits="0"/>
              </lines>
            </method>
            <method name="(anonymous_2)" hits="28" signature="()V">
              <lines>
                <line number="15" hits="28"/>
              </lines>
            </method>
            <method name="(anonymous_3)" hits="0" signature="()V">
              <lines>
                <line number="22" hits="0"/>
              </lines>
            </method>
          </methods>
          <lines>
            <line number="1" hits="12" branch="false"/>
            <line number="2" hits="12" branch="false"/>
            <line number="5" hits="12" branch="false"/>
            <line number="7" hits="28" branch="false"/>
            <line number="8" hits="28" branch="false"/>
            <line number="12" hits="0" branch="false"/>
            <line number="16" hits="28" branch="false"/>
            <line number="23" hits="0" branch="false"/>
          </lines>
        </class>
      </classes>
    </package>
    <package name="src.pokemon.domain.value-objects.ability" line-rate="1" branch-rate="1">
      <classes>
        <class name="AbilityEffect.ts" filename="src/pokemon/domain/value-objects/ability/AbilityEffect.ts" line-rate="1" branch-rate="1">
          <methods>
            <method name="(anonymous_0)" hits="2" signature="()V">
              <lines>
                <line number="4" hits="2"/>
              </lines>
            </method>
            <method name="(anonymous_1)" hits="2" signature="()V">
              <lines>
                <line number="8" hits="2"/>
              </lines>
            </method>
          </methods>
          <lines>
            <line number="1" hits="10" branch="false"/>
            <line number="3" hits="10" branch="false"/>
            <line number="5" hits="2" branch="false"/>
            <line number="9" hits="2" branch="false"/>
          </lines>
        </class>
        <class name="AbilityGeneration.ts" filename="src/pokemon/domain/value-objects/ability/AbilityGeneration.ts" line-rate="1" branch-rate="1">
          <methods>
            <method name="(anonymous_0)" hits="2" signature="()V">
              <lines>
                <line number="4" hits="2"/>
              </lines>
            </method>
            <method name="(anonymous_1)" hits="2" signature="()V">
              <lines>
                <line number="8" hits="2"/>
              </lines>
            </method>
          </methods>
          <lines>
            <line number="1" hits="10" branch="false"/>
            <line number="3" hits="10" branch="false"/>
            <line number="5" hits="2" branch="false"/>
            <line number="9" hits="2" branch="false"/>
          </lines>
        </class>
        <class name="AbilityId.ts" filename="src/pokemon/domain/value-objects/ability/AbilityId.ts" line-rate="1" branch-rate="1">
          <methods>
            <method name="(anonymous_0)" hits="30" signature="()V">
              <lines>
                <line number="4" hits="30"/>
              </lines>
            </method>
            <method name="(anonymous_1)" hits="30" signature="()V">
              <lines>
                <line number="8" hits="30"/>
              </lines>
            </method>
          </methods>
          <lines>
            <line number="1" hits="21" branch="false"/>
            <line number="3" hits="21" branch="false"/>
            <line number="5" hits="30" branch="false"/>
            <line number="9" hits="30" branch="false"/>
          </lines>
        </class>
        <class name="AbilityName.ts" filename="src/pokemon/domain/value-objects/ability/AbilityName.ts" line-rate="1" branch-rate="1">
          <methods>
            <method name="(anonymous_0)" hits="2" signature="()V">
              <lines>
                <line number="4" hits="2"/>
              </lines>
            </method>
            <method name="(anonymous_1)" hits="2" signature="()V">
              <lines>
                <line number="8" hits="2"/>
              </lines>
            </method>
          </methods>
          <lines>
            <line number="1" hits="10" branch="false"/>
            <line number="3" hits="10" branch="false"/>
            <line number="5" hits="2" branch="false"/>
            <line number="9" hits="2" branch="false"/>
          </lines>
        </class>
      </classes>
    </package>
    <package name="src.pokemon.domain.value-objects.cart" line-rate="0.875" branch-rate="0.5">
      <classes>
        <class name="CartId.ts" filename="src/pokemon/domain/value-objects/cart/CartId.ts" line-rate="0.875" branch-rate="0.5">
          <methods>
            <method name="(anonymous_0)" hits="22" signature="()V">
              <lines>
                <line number="4" hits="22"/>
              </lines>
            </method>
            <method name="(anonymous_1)" hits="10" signature="()V">
              <lines>
                <line number="9" hits="10"/>
              </lines>
            </method>
            <method name="(anonymous_2)" hits="12" signature="()V">
              <lines>
                <line number="13" hits="12"/>
              </lines>
            </method>
            <method name="(anonymous_3)" hits="22" signature="()V">
              <lines>
                <line number="17" hits="22"/>
              </lines>
            </method>
          </methods>
          <lines>
            <line number="1" hits="13" branch="false"/>
            <line number="3" hits="13" branch="false"/>
            <line number="5" hits="22" branch="false"/>
            <line number="6" hits="22" branch="false"/>
            <line number="10" hits="10" branch="false"/>
            <line number="14" hits="12" branch="false"/>
            <line number="18" hits="22" branch="true" condition-coverage="50% (1/2)"/>
            <line number="19" hits="0" branch="false"/>
          </lines>
        </class>
      </classes>
    </package>
    <package name="src.pokemon.domain.value-objects.move" line-rate="1" branch-rate="1">
      <classes>
        <class name="MoveAccuracy.ts" filename="src/pokemon/domain/value-objects/move/MoveAccuracy.ts" line-rate="1" branch-rate="1">
          <methods>
            <method name="(anonymous_0)" hits="2" signature="()V">
              <lines>
                <line number="4" hits="2"/>
              </lines>
            </method>
            <method name="(anonymous_1)" hits="2" signature="()V">
              <lines>
                <line number="8" hits="2"/>
              </lines>
            </method>
          </methods>
          <lines>
            <line number="1" hits="10" branch="false"/>
            <line number="3" hits="10" branch="false"/>
            <line number="5" hits="2" branch="false"/>
            <line number="9" hits="2" branch="false"/>
          </lines>
        </class>
        <class name="MoveDamageClass.ts" filename="src/pokemon/domain/value-objects/move/MoveDamageClass.ts" line-rate="1" branch-rate="1">
          <methods>
            <method name="(anonymous_0)" hits="2" signature="()V">
              <lines>
                <line number="4" hits="2"/>
              </lines>
            </method>
            <method name="(anonymous_1)" hits="2" signature="()V">
              <lines>
                <line number="8" hits="2"/>
              </lines>
            </method>
          </methods>
          <lines>
            <line number="1" hits="10" branch="false"/>
            <line number="3" hits="10" branch="false"/>
            <line number="5" hits="2" branch="false"/>
            <line number="9" hits="2" branch="false"/>
          </lines>
        </class>
        <class name="MoveEffectChance.ts" filename="src/pokemon/domain/value-objects/move/MoveEffectChance.ts" line-rate="1" branch-rate="1">
          <methods>
            <method name="(anonymous_0)" hits="2" signature="()V">
              <lines>
                <line number="4" hits="2"/>
              </lines>
            </method>
            <method name="(anonymous_1)" hits="2" signature="()V">
              <lines>
                <line number="8" hits="2"/>
              </lines>
            </method>
          </methods>
          <lines>
            <line number="1" hits="10" branch="false"/>
            <line number="3" hits="10" branch="false"/>
            <line number="5" hits="2" branch="false"/>
            <line number="9" hits="2" branch="false"/>
          </lines>
        </class>
        <class name="MoveId.ts" filename="src/pokemon/domain/value-objects/move/MoveId.ts" line-rate="1" branch-rate="1">
          <methods>
            <method name="(anonymous_0)" hits="30" signature="()V">
              <lines>
                <line number="4" hits="30"/>
              </lines>
            </method>
            <method name="(anonymous_1)" hits="30" signature="()V">
              <lines>
                <line number="8" hits="30"/>
              </lines>
            </method>
          </methods>
          <lines>
            <line number="1" hits="21" branch="false"/>
            <line number="3" hits="21" branch="false"/>
            <line number="5" hits="30" branch="false"/>
            <line number="9" hits="30" branch="false"/>
          </lines>
        </class>
        <class name="MoveName.ts" filename="src/pokemon/domain/value-objects/move/MoveName.ts" line-rate="1" branch-rate="1">
          <methods>
            <method name="(anonymous_0)" hits="2" signature="()V">
              <lines>
                <line number="4" hits="2"/>
              </lines>
            </method>
            <method name="(anonymous_1)" hits="2" signature="()V">
              <lines>
                <line number="8" hits="2"/>
              </lines>
            </method>
          </methods>
          <lines>
            <line number="1" hits="10" branch="false"/>
            <line number="3" hits="10" branch="false"/>
            <line number="5" hits="2" branch="false"/>
            <line number="9" hits="2" branch="false"/>
          </lines>
        </class>
        <class name="MovePP.ts" filename="src/pokemon/domain/value-objects/move/MovePP.ts" line-rate="1" branch-rate="1">
          <methods>
            <method name="(anonymous_0)" hits="2" signature="()V">
              <lines>
                <line number="4" hits="2"/>
              </lines>
            </method>
            <method name="(anonymous_1)" hits="2" signature="()V">
              <lines>
                <line number="8" hits="2"/>
              </lines>
            </method>
          </methods>
          <lines>
            <line number="1" hits="10" branch="false"/>
            <line number="3" hits="10" branch="false"/>
            <line number="5" hits="2" branch="false"/>
            <line number="9" hits="2" branch="false"/>
          </lines>
        </class>
        <class name="MovePower.ts" filename="src/pokemon/domain/value-objects/move/MovePower.ts" line-rate="1" branch-rate="1">
          <methods>
            <method name="(anonymous_0)" hits="2" signature="()V">
              <lines>
                <line number="4" hits="2"/>
              </lines>
            </method>
            <method name="(anonymous_1)" hits="2" signature="()V">
              <lines>
                <line number="8" hits="2"/>
              </lines>
            </method>
          </methods>
          <lines>
            <line number="1" hits="10" branch="false"/>
            <line number="3" hits="10" branch="false"/>
            <line number="5" hits="2" branch="false"/>
            <line number="9" hits="2" branch="false"/>
          </lines>
        </class>
        <class name="MovePriority.ts" filename="src/pokemon/domain/value-objects/move/MovePriority.ts" line-rate="1" branch-rate="1">
          <methods>
            <method name="(anonymous_0)" hits="2" signature="()V">
              <lines>
                <line number="4" hits="2"/>
              </lines>
            </method>
            <method name="(anonymous_1)" hits="2" signature="()V">
              <lines>
                <line number="8" hits="2"/>
              </lines>
            </method>
          </methods>
          <lines>
            <line number="1" hits="10" branch="false"/>
            <line number="3" hits="10" branch="false"/>
            <line number="5" hits="2" branch="false"/>
            <line number="9" hits="2" branch="false"/>
          </lines>
        </class>
      </classes>
    </package>
    <package name="src.pokemon.domain.value-objects.pokemon" line-rate="0.8222" branch-rate="0.5832999999999999">
      <classes>
        <class name="PokemonExperience.ts" filename="src/pokemon/domain/value-objects/pokemon/PokemonExperience.ts" line-rate="0.8571" branch-rate="0.5">
          <methods>
            <method name="(anonymous_0)" hits="30" signature="()V">
              <lines>
                <line number="4" hits="30"/>
              </lines>
            </method>
            <method name="(anonymous_1)" hits="30" signature="()V">
              <lines>
                <line number="9" hits="30"/>
              </lines>
            </method>
            <method name="(anonymous_2)" hits="30" signature="()V">
              <lines>
                <line number="13" hits="30"/>
              </lines>
            </method>
          </methods>
          <lines>
            <line number="1" hits="19" branch="false"/>
            <line number="3" hits="19" branch="false"/>
            <line number="5" hits="30" branch="false"/>
            <line number="6" hits="30" branch="false"/>
            <line number="10" hits="30" branch="false"/>
            <line number="14" hits="30" branch="true" condition-coverage="50% (1/2)"/>
            <line number="15" hits="0" branch="false"/>
          </lines>
        </class>
        <class name="PokemonHeight.ts" filename="src/pokemon/domain/value-objects/pokemon/PokemonHeight.ts" line-rate="0.8571" branch-rate="0.5">
          <methods>
            <method name="(anonymous_0)" hits="30" signature="()V">
              <lines>
                <line number="4" hits="30"/>
              </lines>
            </method>
            <method name="(anonymous_1)" hits="30" signature="()V">
              <lines>
                <line number="9" hits="30"/>
              </lines>
            </method>
            <method name="(anonymous_2)" hits="30" signature="()V">
              <lines>
                <line number="13" hits="30"/>
              </lines>
            </method>
          </methods>
          <lines>
            <line number="1" hits="19" branch="false"/>
            <line number="3" hits="19" branch="false"/>
            <line number="5" hits="30" branch="false"/>
            <line number="6" hits="30" branch="false"/>
            <line number="10" hits="30" branch="false"/>
            <line number="14" hits="30" branch="true" condition-coverage="50% (1/2)"/>
            <line number="15" hits="0" branch="false"/>
          </lines>
        </class>
        <class name="PokemonId.ts" filename="src/pokemon/domain/value-objects/pokemon/PokemonId.ts" line-rate="0.8571" branch-rate="0.5">
          <methods>
            <method name="(anonymous_0)" hits="40" signature="()V">
              <lines>
                <line number="4" hits="40"/>
              </lines>
            </method>
            <method name="(anonymous_1)" hits="40" signature="()V">
              <lines>
                <line number="9" hits="40"/>
              </lines>
            </method>
            <method name="(anonymous_2)" hits="40" signature="()V">
              <lines>
                <line number="13" hits="40"/>
              </lines>
            </method>
          </methods>
          <lines>
            <line number="1" hits="19" branch="false"/>
            <line number="3" hits="19" branch="false"/>
            <line number="5" hits="40" branch="false"/>
            <line number="6" hits="40" branch="false"/>
            <line number="10" hits="40" branch="false"/>
            <line number="14" hits="40" branch="true" condition-coverage="50% (1/2)"/>
            <line number="15" hits="0" branch="false"/>
          </lines>
        </class>
        <class name="PokemonName.ts" filename="src/pokemon/domain/value-objects/pokemon/PokemonName.ts" line-rate="0.7777" branch-rate="0.75">
          <methods>
            <method name="(anonymous_0)" hits="46" signature="()V">
              <lines>
                <line number="4" hits="46"/>
              </lines>
            </method>
            <method name="(anonymous_1)" hits="0" signature="()V">
              <lines>
                <line number="9" hits="0"/>
              </lines>
            </method>
            <method name="(anonymous_2)" hits="46" signature="()V">
              <lines>
                <line number="15" hits="46"/>
              </lines>
            </method>
            <method name="(anonymous_3)" hits="46" signature="()V">
              <lines>
                <line number="19" hits="46"/>
              </lines>
            </method>
          </methods>
          <lines>
            <line number="1" hits="19" branch="false"/>
            <line number="3" hits="19" branch="false"/>
            <line number="4" hits="46" branch="false"/>
            <line number="5" hits="46" branch="false"/>
            <line number="6" hits="46" branch="false"/>
            <line number="10" hits="0" branch="false"/>
            <line number="16" hits="46" branch="false"/>
            <line number="20" hits="46" branch="true" condition-coverage="75% (3/4)"/>
            <line number="21" hits="0" branch="false"/>
          </lines>
        </class>
        <class name="PokemonType.ts" filename="src/pokemon/domain/value-objects/pokemon/PokemonType.ts" line-rate="0.75" branch-rate="1">
          <methods>
            <method name="(anonymous_0)" hits="39" signature="()V">
              <lines>
                <line number="4" hits="39"/>
              </lines>
            </method>
            <method name="(anonymous_1)" hits="0" signature="()V">
              <lines>
                <line number="9" hits="0"/>
              </lines>
            </method>
            <method name="(anonymous_2)" hits="0" signature="()V">
              <lines>
                <line number="13" hits="0"/>
              </lines>
            </method>
            <method name="(anonymous_3)" hits="39" signature="()V">
              <lines>
                <line number="17" hits="39"/>
              </lines>
            </method>
          </methods>
          <lines>
            <line number="1" hits="19" branch="false"/>
            <line number="3" hits="19" branch="false"/>
            <line number="4" hits="39" branch="false"/>
            <line number="5" hits="39" branch="false"/>
            <line number="6" hits="39" branch="false"/>
            <line number="10" hits="0" branch="false"/>
            <line number="14" hits="0" branch="false"/>
            <line number="18" hits="39" branch="false"/>
          </lines>
        </class>
        <class name="PokemonWeight.ts" filename="src/pokemon/domain/value-objects/pokemon/PokemonWeight.ts" line-rate="0.8571" branch-rate="0.5">
          <methods>
            <method name="(anonymous_0)" hits="30" signature="()V">
              <lines>
                <line number="4" hits="30"/>
              </lines>
            </method>
            <method name="(anonymous_1)" hits="30" signature="()V">
              <lines>
                <line number="9" hits="30"/>
              </lines>
            </method>
            <method name="(anonymous_2)" hits="30" signature="()V">
              <lines>
                <line number="13" hits="30"/>
              </lines>
            </method>
          </methods>
          <lines>
            <line number="1" hits="19" branch="false"/>
            <line number="3" hits="19" branch="false"/>
            <line number="5" hits="30" branch="false"/>
            <line number="6" hits="30" branch="false"/>
            <line number="10" hits="30" branch="false"/>
            <line number="14" hits="30" branch="true" condition-coverage="50% (1/2)"/>
            <line number="15" hits="0" branch="false"/>
          </lines>
        </class>
      </classes>
    </package>
    <package name="src.pokemon.domain.value-objects.suggestion" line-rate="0.8332999999999999" branch-rate="1">
      <classes>
        <class name="SuggestionId.ts" filename="src/pokemon/domain/value-objects/suggestion/SuggestionId.ts" line-rate="0.7142000000000001" branch-rate="1">
          <methods>
            <method name="(anonymous_0)" hits="28" signature="()V">
              <lines>
                <line number="4" hits="28"/>
              </lines>
            </method>
            <method name="(anonymous_1)" hits="0" signature="()V">
              <lines>
                <line number="8" hits="0"/>
              </lines>
            </method>
            <method name="(anonymous_2)" hits="28" signature="()V">
              <lines>
                <line number="13" hits="28"/>
              </lines>
            </method>
          </methods>
          <lines>
            <line number="1" hits="12" branch="false"/>
            <line number="3" hits="12" branch="false"/>
            <line number="4" hits="28" branch="false"/>
            <line number="5" hits="28" branch="false"/>
            <line number="9" hits="0" branch="false"/>
            <line number="10" hits="0" branch="false"/>
            <line number="14" hits="28" branch="false"/>
          </lines>
        </class>
        <class name="SuggestionName.ts" filename="src/pokemon/domain/value-objects/suggestion/SuggestionName.ts" line-rate="1" branch-rate="1">
          <methods>
            <method name="(anonymous_0)" hits="28" signature="()V">
              <lines>
                <line number="4" hits="28"/>
              </lines>
            </method>
            <method name="(anonymous_1)" hits="28" signature="()V">
              <lines>
                <line number="8" hits="28"/>
              </lines>
            </method>
          </methods>
          <lines>
            <line number="1" hits="12" branch="false"/>
            <line number="3" hits="12" branch="false"/>
            <line number="4" hits="28" branch="false"/>
            <line number="5" hits="28" branch="false"/>
            <line number="9" hits="28" branch="false"/>
          </lines>
        </class>
      </classes>
    </package>
    <package name="src.pokemon.infrastructure.adapters" line-rate="1" branch-rate="1">
      <classes>
        <class name="SuggestionSearchAdapter.ts" filename="src/pokemon/infrastructure/adapters/SuggestionSearchAdapter.ts" line-rate="1" branch-rate="1">
          <methods>
            <method name="(anonymous_0)" hits="13" signature="()V">
              <lines>
                <line number="7" hits="13"/>
              </lines>
            </method>
            <method name="(anonymous_1)" hits="6" signature="()V">
              <lines>
                <line number="9" hits="6"/>
              </lines>
            </method>
            <method name="(anonymous_2)" hits="9" signature="()V">
              <lines>
                <line number="10" hits="9"/>
              </lines>
            </method>
            <method name="(anonymous_3)" hits="7" signature="()V">
              <lines>
                <line number="14" hits="7"/>
              </lines>
            </method>
            <method name="(anonymous_4)" hits="5" signature="()V">
              <lines>
                <line number="17" hits="5"/>
              </lines>
            </method>
            <method name="(anonymous_5)" hits="4" signature="()V">
              <lines>
                <line number="22" hits="4"/>
              </lines>
            </method>
            <method name="(anonymous_6)" hits="10" signature="()V">
              <lines>
                <line number="25" hits="10"/>
              </lines>
            </method>
            <method name="(anonymous_7)" hits="4" signature="()V">
              <lines>
                <line number="28" hits="4"/>
              </lines>
            </method>
            <method name="(anonymous_8)" hits="9" signature="()V">
              <lines>
                <line number="29" hits="9"/>
              </lines>
            </method>
            <method name="(anonymous_9)" hits="24" signature="()V">
              <lines>
                <line number="33" hits="24"/>
              </lines>
            </method>
          </methods>
          <lines>
            <line number="1" hits="9" branch="false"/>
            <line number="4" hits="9" branch="false"/>
            <line number="8" hits="13" branch="false"/>
            <line number="9" hits="6" branch="false"/>
            <line number="10" hits="9" branch="false"/>
            <line number="15" hits="7" branch="false"/>
            <line number="17" hits="7" branch="false"/>
            <line number="18" hits="5" branch="false"/>
            <line number="23" hits="4" branch="false"/>
            <line number="25" hits="10" branch="false"/>
            <line number="29" hits="4" branch="false"/>
            <line number="30" hits="9" branch="false"/>
            <line number="33" hits="4" branch="false"/>
            <line number="34" hits="24" branch="true" condition-coverage="100% (2/2)"/>
            <line number="35" hits="14" branch="false"/>
            <line number="38" hits="10" branch="false"/>
            <line number="39" hits="10" branch="false"/>
            <line number="46" hits="4" branch="false"/>
          </lines>
        </class>
      </classes>
    </package>
    <package name="src.pokemon.infrastructure.repositories" line-rate="0.9209999999999999" branch-rate="0.8529000000000001">
      <classes>
        <class name="AbilityApiRepository.ts" filename="src/pokemon/infrastructure/repositories/AbilityApiRepository.ts" line-rate="1" branch-rate="0.8332999999999999">
          <methods>
            <method name="(anonymous_0)" hits="11" signature="()V">
              <lines>
                <line number="7" hits="11"/>
              </lines>
            </method>
            <method name="(anonymous_1)" hits="3" signature="()V">
              <lines>
                <line number="9" hits="3"/>
              </lines>
            </method>
            <method name="(anonymous_2)" hits="1" signature="()V">
              <lines>
                <line number="25" hits="1"/>
              </lines>
            </method>
            <method name="(anonymous_3)" hits="1" signature="()V">
              <lines>
                <line number="30" hits="1"/>
              </lines>
            </method>
          </methods>
          <lines>
            <line number="1" hits="9" branch="false"/>
            <line number="6" hits="9" branch="false"/>
            <line number="7" hits="11" branch="false"/>
            <line number="10" hits="3" branch="false"/>
            <line number="14" hits="3" branch="true" condition-coverage="100% (2/2)"/>
            <line number="15" hits="1" branch="false"/>
            <line number="18" hits="2" branch="true" condition-coverage="100% (2/2)"/>
            <line number="19" hits="1" branch="false"/>
            <line number="22" hits="1" branch="false"/>
            <line number="26" hits="1" branch="false"/>
            <line number="30" hits="1" branch="true" condition-coverage="50% (1/2)"/>
          </lines>
        </class>
        <class name="CartLocalStorageRepository.ts" filename="src/pokemon/infrastructure/repositories/CartLocalStorageRepository.ts" line-rate="0.8234999999999999" branch-rate="0.8571">
          <methods>
            <method name="(anonymous_0)" hits="13" signature="()V">
              <lines>
                <line number="9" hits="13"/>
              </lines>
            </method>
            <method name="(anonymous_1)" hits="1" signature="()V">
              <lines>
                <line number="14" hits="1"/>
              </lines>
            </method>
            <method name="(anonymous_2)" hits="4" signature="()V">
              <lines>
                <line number="30" hits="4"/>
              </lines>
            </method>
            <method name="(anonymous_3)" hits="2" signature="()V">
              <lines>
                <line number="51" hits="2"/>
              </lines>
            </method>
            <method name="(anonymous_4)" hits="2" signature="()V">
              <lines>
                <line number="66" hits="2"/>
              </lines>
            </method>
            <method name="(anonymous_5)" hits="2" signature="()V">
              <lines>
                <line number="68" hits="2"/>
              </lines>
            </method>
            <method name="(anonymous_6)" hits="2" signature="()V">
              <lines>
                <line number="77" hits="2"/>
              </lines>
            </method>
            <method name="(anonymous_7)" hits="2" signature="()V">
              <lines>
                <line number="78" hits="2"/>
              </lines>
            </method>
          </methods>
          <lines>
            <line number="1" hits="9" branch="false"/>
            <line number="2" hits="9" branch="false"/>
            <line number="3" hits="9" branch="false"/>
            <line number="5" hits="9" branch="false"/>
            <line number="8" hits="9" branch="false"/>
            <line number="10" hits="13" branch="false"/>
            <line number="11" hits="13" branch="true" condition-coverage="100% (1/1)"/>
            <line number="15" hits="1" branch="false"/>
            <line number="16" hits="1" branch="false"/>
            <line number="21" hits="1" branch="false"/>
            <line number="26" hits="0" branch="false"/>
            <line number="31" hits="4" branch="false"/>
            <line number="33" hits="4" branch="true" condition-coverage="100% (2/2)"/>
            <line number="34" hits="3" branch="false"/>
            <line number="37" hits="1" branch="false"/>
            <line number="39" hits="1" branch="true" condition-coverage="50% (1/2)"/>
            <line number="40" hits="0" branch="false"/>
            <line number="43" hits="1" branch="false"/>
            <line number="44" hits="1" branch="false"/>
            <line number="46" hits="0" branch="false"/>
            <line number="47" hits="0" branch="false"/>
            <line number="52" hits="2" branch="false"/>
            <line number="54" hits="2" branch="true" condition-coverage="100% (2/2)"/>
            <line number="55" hits="1" branch="false"/>
            <line number="58" hits="1" branch="false"/>
            <line number="59" hits="1" branch="false"/>
            <line number="61" hits="0" branch="false"/>
            <line number="62" hits="0" branch="false"/>
            <line number="67" hits="2" branch="false"/>
            <line number="68" hits="2" branch="false"/>
            <line number="69" hits="2" branch="false"/>
            <line number="77" hits="2" branch="false"/>
            <line number="78" hits="2" branch="false"/>
            <line number="82" hits="2" branch="false"/>
          </lines>
        </class>
        <class name="MoveApiRepository.ts" filename="src/pokemon/infrastructure/repositories/MoveApiRepository.ts" line-rate="1" branch-rate="1">
          <methods>
            <method name="(anonymous_0)" hits="11" signature="()V">
              <lines>
                <line number="7" hits="11"/>
              </lines>
            </method>
            <method name="(anonymous_1)" hits="3" signature="()V">
              <lines>
                <line number="9" hits="3"/>
              </lines>
            </method>
          </methods>
          <lines>
            <line number="1" hits="9" branch="false"/>
            <line number="6" hits="9" branch="false"/>
            <line number="7" hits="11" branch="false"/>
            <line number="10" hits="3" branch="false"/>
            <line number="12" hits="3" branch="true" condition-coverage="100% (2/2)"/>
            <line number="13" hits="1" branch="false"/>
            <line number="16" hits="2" branch="true" condition-coverage="100% (2/2)"/>
            <line number="17" hits="1" branch="false"/>
            <line number="20" hits="1" branch="false"/>
            <line number="22" hits="1" branch="false"/>
          </lines>
        </class>
        <class name="PokemonApiRepository.ts" filename="src/pokemon/infrastructure/repositories/PokemonApiRepository.ts" line-rate="0.925" branch-rate="0.7857">
          <methods>
            <method name="(anonymous_0)" hits="16" signature="()V">
              <lines>
                <line number="10" hits="16"/>
              </lines>
            </method>
            <method name="(anonymous_1)" hits="2" signature="()V">
              <lines>
                <line number="12" hits="2"/>
              </lines>
            </method>
            <method name="(anonymous_2)" hits="2" signature="()V">
              <lines>
                <line number="28" hits="2"/>
              </lines>
            </method>
            <method name="(anonymous_3)" hits="2" signature="()V">
              <lines>
                <line number="44" hits="2"/>
              </lines>
            </method>
            <method name="(anonymous_4)" hits="3" signature="()V">
              <lines>
                <line number="57" hits="3"/>
              </lines>
            </method>
            <method name="(anonymous_5)" hits="2" signature="()V">
              <lines>
                <line number="73" hits="2"/>
              </lines>
            </method>
            <method name="(anonymous_6)" hits="3" signature="()V">
              <lines>
                <line number="84" hits="3"/>
              </lines>
            </method>
            <method name="(anonymous_7)" hits="4" signature="()V">
              <lines>
                <line number="87" hits="4"/>
              </lines>
            </method>
            <method name="(anonymous_8)" hits="6" signature="()V">
              <lines>
                <line number="93" hits="6"/>
              </lines>
            </method>
            <method name="(anonymous_9)" hits="2" signature="()V">
              <lines>
                <line number="99" hits="2"/>
              </lines>
            </method>
            <method name="(anonymous_10)" hits="2" signature="()V">
              <lines>
                <line number="106" hits="2"/>
              </lines>
            </method>
          </methods>
          <lines>
            <line number="2" hits="9" branch="false"/>
            <line number="5" hits="9" branch="false"/>
            <line number="9" hits="9" branch="false"/>
            <line number="10" hits="16" branch="false"/>
            <line number="13" hits="2" branch="false"/>
            <line number="17" hits="2" branch="true" condition-coverage="100% (2/2)"/>
            <line number="18" hits="1" branch="false"/>
            <line number="21" hits="1" branch="true" condition-coverage="50% (1/2)"/>
            <line number="22" hits="0" branch="false"/>
            <line number="25" hits="1" branch="false"/>
            <line number="29" hits="2" branch="false"/>
            <line number="33" hits="2" branch="true" condition-coverage="100% (2/2)"/>
            <line number="34" hits="1" branch="false"/>
            <line number="37" hits="1" branch="true" condition-coverage="50% (1/2)"/>
            <line number="38" hits="0" branch="false"/>
            <line number="41" hits="1" branch="false"/>
            <line number="45" hits="2" branch="false"/>
            <line number="46" hits="2" branch="false"/>
            <line number="50" hits="2" branch="true" condition-coverage="50% (1/2)"/>
            <line number="51" hits="0" branch="false"/>
            <line number="54" hits="2" branch="false"/>
            <line number="56" hits="2" branch="false"/>
            <line number="58" hits="3" branch="false"/>
            <line number="62" hits="3" branch="true" condition-coverage="100% (2/2)"/>
            <line number="63" hits="1" branch="false"/>
            <line number="66" hits="2" branch="false"/>
            <line number="70" hits="1" branch="false"/>
            <line number="74" hits="2" branch="false"/>
            <line number="78" hits="2" branch="true" condition-coverage="100% (2/2)"/>
            <line number="79" hits="1" branch="false"/>
            <line number="82" hits="1" branch="false"/>
            <line number="84" hits="3" branch="false"/>
            <line number="88" hits="4" branch="false"/>
            <line number="93" hits="6" branch="false"/>
            <line number="100" hits="2" branch="false"/>
            <line number="101" hits="2" branch="false"/>
            <line number="102" hits="2" branch="false"/>
            <line number="107" hits="2" branch="false"/>
            <line number="108" hits="2" branch="false"/>
            <line number="109" hits="2" branch="false"/>
          </lines>
        </class>
        <class name="SuggestionLocalStorageRepository.ts" filename="src/pokemon/infrastructure/repositories/SuggestionLocalStorageRepository.ts" line-rate="1" branch-rate="1">
          <methods>
            <method name="(anonymous_0)" hits="14" signature="()V">
              <lines>
                <line number="6" hits="14"/>
              </lines>
            </method>
            <method name="(anonymous_1)" hits="1" signature="()V">
              <lines>
                <line number="14" hits="1"/>
              </lines>
            </method>
            <method name="(anonymous_2)" hits="3" signature="()V">
              <lines>
                <line number="19" hits="3"/>
              </lines>
            </method>
            <method name="(anonymous_3)" hits="2" signature="()V">
              <lines>
                <line number="23" hits="2"/>
              </lines>
            </method>
            <method name="(anonymous_4)" hits="1" signature="()V">
              <lines>
                <line number="29" hits="1"/>
              </lines>
            </method>
            <method name="(anonymous_5)" hits="2" signature="()V">
              <lines>
                <line number="31" hits="2"/>
              </lines>
            </method>
            <method name="(anonymous_6)" hits="14" signature="()V">
              <lines>
                <line number="39" hits="14"/>
              </lines>
            </method>
            <method name="(anonymous_7)" hits="2" signature="()V">
              <lines>
                <line number="48" hits="2"/>
              </lines>
            </method>
          </methods>
          <lines>
            <line number="1" hits="9" branch="false"/>
            <line number="5" hits="9" branch="false"/>
            <line number="7" hits="14" branch="false"/>
            <line number="8" hits="14" branch="false"/>
            <line number="9" hits="14" branch="true" condition-coverage="100% (1/1)"/>
            <line number="11" hits="14" branch="false"/>
            <line number="15" hits="1" branch="false"/>
            <line number="16" hits="1" branch="false"/>
            <line number="20" hits="3" branch="false"/>
            <line number="24" hits="2" branch="false"/>
            <line number="26" hits="2" branch="false"/>
            <line number="30" hits="1" branch="false"/>
            <line number="31" hits="2" branch="false"/>
            <line number="36" hits="1" branch="false"/>
            <line number="40" hits="14" branch="false"/>
            <line number="42" hits="14" branch="true" condition-coverage="100% (2/2)"/>
            <line number="43" hits="13" branch="false"/>
            <line number="46" hits="1" branch="false"/>
            <line number="48" hits="2" branch="false"/>
          </lines>
        </class>
      </classes>
    </package>
    <package name="src.pokemon.presentation.components.cart" line-rate="1" branch-rate="0.6">
      <classes>
        <class name="Card.tsx" filename="src/pokemon/presentation/components/cart/Card.tsx" line-rate="1" branch-rate="0.5">
          <methods>
            <method name="(anonymous_1)" hits="3" signature="()V">
              <lines>
                <line number="8" hits="3"/>
              </lines>
            </method>
            <method name="(anonymous_2)" hits="1" signature="()V">
              <lines>
                <line number="12" hits="1"/>
              </lines>
            </method>
            <method name="(anonymous_3)" hits="1" signature="()V">
              <lines>
                <line number="20" hits="1"/>
              </lines>
            </method>
            <method name="(anonymous_4)" hits="1" signature="()V">
              <lines>
                <line number="37" hits="1"/>
              </lines>
            </method>
          </methods>
          <lines>
            <line number="1" hits="2" branch="false"/>
            <line number="2" hits="2" branch="false"/>
            <line number="4" hits="2" branch="false"/>
            <line number="5" hits="2" branch="false"/>
            <line number="6" hits="2" branch="false"/>
            <line number="8" hits="2" branch="false"/>
            <line number="9" hits="3" branch="false"/>
            <line number="10" hits="3" branch="false"/>
            <line number="12" hits="3" branch="false"/>
            <line number="13" hits="1" branch="false"/>
            <line number="15" hits="1" branch="true" condition-coverage="50% (1/2)"/>
            <line number="16" hits="1" branch="false"/>
            <line number="20" hits="3" branch="false"/>
            <line number="21" hits="1" branch="false"/>
            <line number="22" hits="1" branch="false"/>
            <line number="25" hits="3" branch="false"/>
            <line number="38" hits="1" branch="false"/>
            <line number="39" hits="1" branch="false"/>
          </lines>
        </class>
        <class name="Counter.tsx" filename="src/pokemon/presentation/components/cart/Counter.tsx" line-rate="1" branch-rate="0.6666">
          <methods>
            <method name="(anonymous_1)" hits="2" signature="()V">
              <lines>
                <line number="7" hits="2"/>
              </lines>
            </method>
            <method name="(anonymous_2)" hits="0" signature="()V">
              <lines>
                <line number="12" hits="0"/>
              </lines>
            </method>
            <method name="(anonymous_3)" hits="0" signature="()V">
              <lines>
                <line number="13" hits="0"/>
              </lines>
            </method>
          </methods>
          <lines>
            <line number="1" hits="1" branch="false"/>
            <line number="2" hits="1" branch="false"/>
            <line number="3" hits="1" branch="false"/>
            <line number="4" hits="1" branch="false"/>
            <line number="5" hits="1" branch="false"/>
            <line number="7" hits="1" branch="false"/>
            <line number="8" hits="2" branch="false"/>
            <line number="9" hits="2" branch="true" condition-coverage="50% (1/2)"/>
            <line number="10" hits="2" branch="false"/>
            <line number="12" hits="2" branch="false"/>
            <line number="13" hits="2" branch="false"/>
            <line number="15" hits="2" branch="false"/>
          </lines>
        </class>
        <class name="Modal.tsx" filename="src/pokemon/presentation/components/cart/Modal.tsx" line-rate="1" branch-rate="1">
          <methods>
            <method name="(anonymous_1)" hits="2" signature="()V">
              <lines>
                <line number="7" hits="2"/>
              </lines>
            </method>
            <method name="(anonymous_2)" hits="4" signature="()V">
              <lines>
                <line number="32" hits="4"/>
              </lines>
            </method>
          </methods>
          <lines>
            <line number="1" hits="2" branch="false"/>
            <line number="4" hits="2" branch="false"/>
            <line number="5" hits="2" branch="false"/>
            <line number="7" hits="2" branch="false"/>
            <line number="12" hits="2" branch="false"/>
            <line number="14" hits="2" branch="false"/>
            <line number="33" hits="4" branch="false"/>
          </lines>
        </class>
      </classes>
    </package>
    <package name="src.pokemon.presentation.components.details" line-rate="0.9189" branch-rate="0.6818000000000001">
      <classes>
        <class name="Accordion.tsx" filename="src/pokemon/presentation/components/details/Accordion.tsx" line-rate="1" branch-rate="1">
          <methods>
            <method name="(anonymous_1)" hits="12" signature="()V">
              <lines>
                <line number="5" hits="12"/>
              </lines>
            </method>
            <method name="(anonymous_2)" hits="2" signature="()V">
              <lines>
                <line number="13" hits="2"/>
              </lines>
            </method>
            <method name="(anonymous_3)" hits="6" signature="()V">
              <lines>
                <line number="30" hits="6"/>
              </lines>
            </method>
            <method name="(anonymous_4)" hits="4" signature="()V">
              <lines>
                <line number="37" hits="4"/>
              </lines>
            </method>
            <method name="(anonymous_5)" hits="12" signature="()V">
              <lines>
                <line number="39" hits="12"/>
              </lines>
            </method>
          </methods>
          <lines>
            <line number="1" hits="2" branch="false"/>
            <line number="3" hits="2" branch="false"/>
            <line number="5" hits="2" branch="false"/>
            <line number="13" hits="12" branch="false"/>
            <line number="14" hits="2" branch="true" condition-coverage="100% (4/4)"/>
            <line number="15" hits="1" branch="false"/>
            <line number="17" hits="2" branch="false"/>
            <line number="20" hits="12" branch="false"/>
            <line number="31" hits="6" branch="false"/>
            <line number="38" hits="4" branch="false"/>
            <line number="40" hits="12" branch="false"/>
          </lines>
        </class>
        <class name="Page.tsx" filename="src/pokemon/presentation/components/details/Page.tsx" line-rate="0.8845999999999999" branch-rate="0.41659999999999997">
          <methods>
            <method name="(anonymous_6)" hits="7" signature="()V">
              <lines>
                <line number="13" hits="7"/>
              </lines>
            </method>
            <method name="(anonymous_7)" hits="0" signature="()V">
              <lines>
[...]
            <line number="24" hits="6" branch="true" condition-coverage="100% (4/4)"/>
            <line number="25" hits="4" branch="false"/>
            <line number="27" hits="2" branch="false"/>
            <line number="29" hits="5" branch="false"/>
            <line number="31" hits="5" branch="true" condition-coverage="100% (2/2)"/>
            <line number="32" hits="1" branch="false"/>
            <line number="35" hits="1" branch="true" condition-coverage="50% (1/2)"/>
            <line number="36" hits="1" branch="false"/>
            <line number="38" hits="6" branch="false"/>
            <line number="42" hits="14" branch="false"/>
          </lines>
        </class>
      </classes>
    </package>
    <package name="src.pokemon.presentation.schemas" line-rate="1" branch-rate="1">
      <classes>
        <class name="SearchInputSchema.ts" filename="src/pokemon/presentation/schemas/SearchInputSchema.ts" line-rate="1" branch-rate="1">
          <methods>
          </methods>
          <lines>
            <line number="1" hits="1" branch="false"/>
            <line number="3" hits="1" branch="false"/>
          </lines>
        </class>
      </classes>
    </package>
    <package name="src.pokemon.presentation.utils" line-rate="0.8181" branch-rate="0.7">
      <classes>
        <class name="sortPokemons.ts" filename="src/pokemon/presentation/utils/sortPokemons.ts" line-rate="0.8181" branch-rate="0.7">
          <methods>
            <method name="(anonymous_0)" hits="8" signature="()V">
              <lines>
                <line number="3" hits="8"/>
              </lines>
            </method>
            <method name="(anonymous_1)" hits="14" signature="()V">
              <lines>
                <line number="12" hits="14"/>
              </lines>
            </method>
          </methods>
          <lines>
            <line number="3" hits="1" branch="false"/>
            <line number="8" hits="8" branch="true" condition-coverage="50% (1/2)"/>
            <line number="9" hits="0" branch="false"/>
            <line number="12" hits="8" branch="false"/>
            <line number="13" hits="14" branch="true" condition-coverage="100% (2/2)"/>
            <line number="14" hits="4" branch="false"/>
            <line number="15" hits="4" branch="true" condition-coverage="50% (1/2)"/>
            <line number="16" hits="10" branch="true" condition-coverage="50% (1/2)"/>
            <line number="17" hits="10" branch="false"/>
            <line number="18" hits="10" branch="true" condition-coverage="100% (2/2)"/>
            <line number="20" hits="0" branch="false"/>
          </lines>
        </class>
      </classes>
    </package>
    <package name="src.shared.domain.value-objects" line-rate="1" branch-rate="1">
      <classes>
        <class name="ValueObject.ts" filename="src/shared/domain/value-objects/ValueObject.ts" line-rate="1" branch-rate="1">
          <methods>
            <method name="(anonymous_0)" hits="373" signature="()V">
              <lines>
                <line number="4" hits="373"/>
              </lines>
            </method>
            <method name="(anonymous_1)" hits="322" signature="()V">
              <lines>
                <line number="8" hits="322"/>
              </lines>
            </method>
            <method name="(anonymous_2)" hits="7" signature="()V">
              <lines>
                <line number="12" hits="7"/>
              </lines>
            </method>
          </methods>
          <lines>
            <line number="1" hits="28" branch="false"/>
            <line number="5" hits="373" branch="false"/>
            <line number="9" hits="322" branch="false"/>
            <line number="13" hits="7" branch="false"/>
          </lines>
        </class>
      </classes>
    </package>
    <package name="src.shared.infrastructure.adapters.mitt" line-rate="1" branch-rate="1">
      <classes>
        <class name="MittEventEmmiterAdapter.ts" filename="src/shared/infrastructure/adapters/mitt/MittEventEmmiterAdapter.ts" line-rate="1" branch-rate="1">
          <methods>
            <method name="(anonymous_1)" hits="13" signature="()V">
              <lines>
                <line number="4" hits="13"/>
              </lines>
            </method>
            <method name="(anonymous_2)" hits="6" signature="()V">
              <lines>
                <line number="10" hits="6"/>
              </lines>
            </method>
            <method name="(anonymous_3)" hits="3" signature="()V">
              <lines>
                <line number="20" hits="3"/>
              </lines>
            </method>
            <method name="(anonymous_4)" hits="5" signature="()V">
              <lines>
                <line number="30" hits="5"/>
              </lines>
            </method>
          </methods>
          <lines>
            <line number="1" hits="9" branch="false"/>
            <line number="4" hits="9" branch="false"/>
            <line number="7" hits="13" branch="false"/>
            <line number="14" hits="6" branch="false"/>
            <line number="24" hits="3" branch="false"/>
            <line number="31" hits="5" branch="false"/>
          </lines>
        </class>
      </classes>
    </package>
    <package name="src.shared.infrastructure.di" line-rate="1" branch-rate="1">
      <classes>
        <class name="DependencyContainer.ts" filename="src/shared/infrastructure/di/DependencyContainer.ts" line-rate="1" branch-rate="1">
          <methods>
          </methods>
          <lines>
            <line number="1" hits="8" branch="false"/>
            <line number="2" hits="8" branch="false"/>
            <line number="3" hits="8" branch="false"/>
            <line number="4" hits="8" branch="false"/>
            <line number="5" hits="8" branch="false"/>
            <line number="6" hits="8" branch="false"/>
            <line number="7" hits="8" branch="false"/>
            <line number="9" hits="8" branch="false"/>
            <line number="10" hits="8" branch="false"/>
            <line number="11" hits="8" branch="false"/>
            <line number="12" hits="8" branch="false"/>
            <line number="13" hits="8" branch="false"/>
            <line number="14" hits="8" branch="false"/>
            <line number="15" hits="8" branch="false"/>
            <line number="16" hits="8" branch="false"/>
            <line number="17" hits="8" branch="false"/>
            <line number="18" hits="8" branch="false"/>
            <line number="19" hits="8" branch="false"/>
            <line number="20" hits="8" branch="false"/>
            <line number="22" hits="8" branch="false"/>
            <line number="23" hits="8" branch="false"/>
            <line number="25" hits="8" branch="false"/>
            <line number="26" hits="8" branch="false"/>
            <line number="28" hits="8" branch="false"/>
            <line number="30" hits="8" branch="false"/>
            <line number="32" hits="8" branch="false"/>
            <line number="36" hits="8" branch="false"/>
            <line number="38" hits="8" branch="false"/>
            <line number="43" hits="8" branch="false"/>
            <line number="45" hits="8" branch="false"/>
            <line number="47" hits="8" branch="false"/>
            <line number="48" hits="8" branch="false"/>
            <line number="53" hits="8" branch="false"/>
            <line number="58" hits="8" branch="false"/>
            <line number="60" hits="8" branch="false"/>
            <line number="62" hits="8" branch="false"/>
            <line number="66" hits="8" branch="false"/>
            <line number="68" hits="8" branch="false"/>
          </lines>
        </class>
      </classes>
    </package>
    <package name="src.shared.infrastructure.http" line-rate="1" branch-rate="0.875">
      <classes>
        <class name="ApiResponse.ts" filename="src/shared/infrastructure/http/ApiResponse.ts" line-rate="1" branch-rate="1">
          <methods>
            <method name="(anonymous_0)" hits="13" signature="()V">
              <lines>
                <line number="2" hits="13"/>
              </lines>
            </method>
            <method name="(anonymous_1)" hits="9" signature="()V">
              <lines>
                <line number="7" hits="9"/>
              </lines>
            </method>
            <method name="(anonymous_2)" hits="2" signature="()V">
              <lines>
                <line number="11" hits="2"/>
              </lines>
            </method>
            <method name="(anonymous_3)" hits="11" signature="()V">
              <lines>
                <line number="15" hits="11"/>
              </lines>
            </method>
            <method name="(anonymous_4)" hits="6" signature="()V">
              <lines>
                <line number="19" hits="6"/>
              </lines>
            </method>
          </methods>
          <lines>
            <line number="1" hits="11" branch="false"/>
            <line number="3" hits="13" branch="false"/>
            <line number="4" hits="13" branch="false"/>
            <line number="8" hits="9" branch="false"/>
            <line number="12" hits="2" branch="false"/>
            <line number="16" hits="11" branch="true" condition-coverage="100% (2/2)"/>
            <line number="20" hits="6" branch="false"/>
          </lines>
        </class>
        <class name="HttpClient.ts" filename="src/shared/infrastructure/http/HttpClient.ts" line-rate="1" branch-rate="0.8332999999999999">
          <methods>
            <method name="(anonymous_1)" hits="12" signature="()V">
              <lines>
                <line number="7" hits="12"/>
              </lines>
            </method>
            <method name="(anonymous_2)" hits="4" signature="()V">
              <lines>
                <line number="17" hits="4"/>
              </lines>
            </method>
          </methods>
          <lines>
            <line number="1" hits="10" branch="false"/>
            <line number="2" hits="10" branch="false"/>
            <line number="4" hits="10" branch="false"/>
            <line number="7" hits="12" branch="false"/>
            <line number="8" hits="12" branch="false"/>
            <line number="18" hits="4" branch="false"/>
            <line number="19" hits="4" branch="false"/>
            <line number="21" hits="1" branch="false"/>
            <line number="23" hits="3" branch="true" condition-coverage="50% (1/2)"/>
            <line number="24" hits="3" branch="true" condition-coverage="100% (2/2)"/>
            <line number="25" hits="1" branch="false"/>
            <line number="26" hits="2" branch="true" condition-coverage="100% (2/2)"/>
            <line number="27" hits="1" branch="false"/>
            <line number="31" hits="1" branch="false"/>
          </lines>
        </class>
      </classes>
    </package>
    <package name="src.shared.infrastructure.search" line-rate="1" branch-rate="0.9166">
      <classes>
        <class name="BinarySearchTree.ts" filename="src/shared/infrastructure/search/BinarySearchTree.ts" line-rate="1" branch-rate="0.9166">
          <methods>
            <method name="(anonymous_0)" hits="19" signature="()V">
              <lines>
                <line number="6" hits="19"/>
              </lines>
            </method>
            <method name="(anonymous_1)" hits="26" signature="()V">
              <lines>
                <line number="11" hits="26"/>
              </lines>
            </method>
            <method name="(anonymous_2)" hits="50" signature="()V">
              <lines>
                <line number="15" hits="50"/>
              </lines>
            </method>
            <method name="(anonymous_3)" hits="13" signature="()V">
              <lines>
                <line number="31" hits="13"/>
              </lines>
            </method>
            <method name="(anonymous_4)" hits="52" signature="()V">
              <lines>
                <line number="38" hits="52"/>
              </lines>
            </method>
          </methods>
          <lines>
            <line number="1" hits="10" branch="false"/>
            <line number="3" hits="10" branch="false"/>
            <line number="4" hits="19" branch="false"/>
            <line number="7" hits="19" branch="false"/>
            <line number="8" hits="19" branch="false"/>
            <line number="12" hits="26" branch="false"/>
            <line number="16" hits="50" branch="true" condition-coverage="100% (2/2)"/>
            <line number="17" hits="26" branch="false"/>
            <line number="20" hits="24" branch="false"/>
            <line number="22" hits="24" branch="true" condition-coverage="100% (2/2)"/>
            <line number="23" hits="4" branch="false"/>
            <line number="24" hits="20" branch="true" condition-coverage="50% (1/2)"/>
            <line number="25" hits="20" branch="false"/>
            <line number="28" hits="24" branch="false"/>
            <line number="32" hits="13" branch="false"/>
            <line number="33" hits="13" branch="false"/>
            <line number="35" hits="13" branch="false"/>
            <line number="43" hits="52" branch="true" condition-coverage="100% (2/2)"/>
            <line number="44" hits="29" branch="false"/>
            <line number="47" hits="23" branch="false"/>
            <line number="49" hits="23" branch="true" condition-coverage="100% (2/2)"/>
            <line number="50" hits="16" branch="false"/>
            <line number="51" hits="16" branch="false"/>
            <line number="52" hits="16" branch="false"/>
            <line number="53" hits="7" branch="true" condition-coverage="100% (2/2)"/>
            <line number="54" hits="4" branch="false"/>
            <line number="56" hits="3" branch="false"/>
          </lines>
        </class>
        <class name="TreeNode.ts" filename="src/shared/infrastructure/search/TreeNode.ts" line-rate="1" branch-rate="1">
          <methods>
            <method name="(anonymous_0)" hits="26" signature="()V">
              <lines>
                <line number="5" hits="26"/>
              </lines>
            </method>
            <method name="(anonymous_1)" hits="4" signature="()V">
              <lines>
                <line number="7" hits="4"/>
              </lines>
            </method>
            <method name="(anonymous_2)" hits="20" signature="()V">
              <lines>
                <line number="11" hits="20"/>
              </lines>
            </method>
          </methods>
          <lines>
            <line number="1" hits="10" branch="false"/>
            <line number="2" hits="26" branch="false"/>
            <line number="3" hits="26" branch="false"/>
            <line number="5" hits="26" branch="false"/>
            <line number="8" hits="4" branch="false"/>
            <line number="12" hits="20" branch="false"/>
          </lines>
        </class>
      </classes>
    </package>
    <package name="src.shared.presentation.components" line-rate="0.38880000000000003" branch-rate="0.25">
      <classes>
        <class name="App.tsx" filename="src/shared/presentation/components/App.tsx" line-rate="0" branch-rate="1">
          <methods>
            <method name="App" hits="0" signature="()V">
              <lines>
                <line number="13" hits="0"/>
              </lines>
            </method>
            <method name="(anonymous_2)" hits="0" signature="()V">
              <lines>
                <line number="14" hits="0"/>
              </lines>
            </method>
            <method name="(anonymous_3)" hits="0" signature="()V">
              <lines>
                <line number="15" hits="0"/>
              </lines>
            </method>
          </methods>
          <lines>
            <line number="1" hits="0" branch="false"/>
            <line number="2" hits="0" branch="false"/>
            <line number="3" hits="0" branch="false"/>
            <line number="4" hits="0" branch="false"/>
            <line number="5" hits="0" branch="false"/>
            <line number="6" hits="0" branch="false"/>
            <line number="7" hits="0" branch="false"/>
            <line number="8" hits="0" branch="false"/>
            <line number="9" hits="0" branch="false"/>
            <line number="10" hits="0" branch="false"/>
            <line number="11" hits="0" branch="false"/>
            <line number="13" hits="0" branch="false"/>
            <line number="14" hits="0" branch="false"/>
            <line number="15" hits="0" branch="false"/>
            <line number="16" hits="0" branch="false"/>
            <line number="17" hits="0" branch="false"/>
            <line number="19" hits="0" branch="false"/>
            <line number="23" hits="0" branch="false"/>
            <line number="26" hits="0" branch="false"/>
          </lines>
        </class>
        <class name="ErrorMessage.tsx" filename="src/shared/presentation/components/ErrorMessage.tsx" line-rate="0.75" branch-rate="0.25">
          <methods>
            <method name="(anonymous_6)" hits="5" signature="()V">
              <lines>
                <line number="7" hits="5"/>
              </lines>
            </method>
            <method name="(anonymous_7)" hits="5" signature="()V">
              <lines>
                <line number="8" hits="5"/>
              </lines>
            </method>
            <method name="(anonymous_8)" hits="0" signature="()V">
              <lines>
                <line number="9" hits="0"/>
              </lines>
            </method>
            <method name="(anonymous_9)" hits="5" signature="()V">
              <lines>
                <line number="14" hits="5"/>
              </lines>
            </method>
          </methods>
          <lines>
            <line number="1" hits="3" branch="false"/>
            <line number="2" hits="3" branch="false"/>
            <line number="4" hits="3" branch="false"/>
            <line number="7" hits="3" branch="false"/>
            <line number="8" hits="5" branch="false"/>
            <line number="9" hits="5" branch="false"/>
            <line number="10" hits="0" branch="true" condition-coverage="0% (0/2)"/>
            <line number="11" hits="0" branch="false"/>
            <line number="14" hits="5" branch="false"/>
            <line number="17" hits="5" branch="true" condition-coverage="50% (1/2)"/>
            <line number="18" hits="0" branch="false"/>
            <line number="21" hits="5" branch="false"/>
          </lines>
        </class>
        <class name="Loading.tsx" filename="src/shared/presentation/components/Loading.tsx" line-rate="1" branch-rate="1">
          <methods>
            <method name="(anonymous_1)" hits="1" signature="()V">
              <lines>
                <line number="5" hits="1"/>
              </lines>
            </method>
          </methods>
          <lines>
            <line number="1" hits="2" branch="false"/>
            <line number="2" hits="2" branch="false"/>
            <line number="3" hits="2" branch="false"/>
            <line number="5" hits="2" branch="false"/>
            <line number="6" hits="1" branch="false"/>
          </lines>
        </class>
      </classes>
    </package>
    <package name="src.shared.presentation.components.error" line-rate="1" branch-rate="1">
      <classes>
        <class name="NotFoundPage.tsx" filename="src/shared/presentation/components/error/NotFoundPage.tsx" line-rate="1" branch-rate="1">
          <methods>
            <method name="NotFoundPage" hits="1" signature="()V">
              <lines>
                <line number="3" hits="1"/>
              </lines>
            </method>
          </methods>
          <lines>
            <line number="1" hits="1" branch="false"/>
            <line number="3" hits="1" branch="false"/>
            <line number="4" hits="1" branch="false"/>
          </lines>
        </class>
      </classes>
    </package>
  </packages>
</coverage>
