TN:
SF:src/main.tsx
FNF:0
FNH:0
DA:1,0
DA:2,0
DA:3,0
DA:4,0
DA:5,0
DA:7,0
DA:9,0
LF:7
LH:0
BRF:0
BRH:0
end_of_record
TN:
SF:src/styles.d.ts
FNF:0
FNH:0
LF:0
LH:0
BRF:0
BRH:0
end_of_record
TN:
SF:src/pokemon/application/dtos/PokemonDto.ts
FN:4,(anonymous_0)
FN:16,(anonymous_1)
FNF:2
FNH:0
FNDA:0,(anonymous_0)
FNDA:0,(anonymous_1)
DA:3,1
DA:5,0
DA:6,0
DA:7,0
DA:8,0
DA:9,0
DA:10,0
DA:11,0
DA:12,0
DA:13,0
DA:17,0
LF:11
LH:1
BRDA:12,0,0,0
BRDA:13,1,0,0
BRF:2
BRH:0
end_of_record
TN:
SF:src/pokemon/application/services/Formatter.ts
FN:2,(anonymous_0)
FNF:1
FNH:1
FNDA:8,(anonymous_0)
DA:1,11
DA:3,8
LF:2
LH:2
BRDA:3,0,0,7
BRDA:3,0,1,1
BRF:2
BRH:2
end_of_record
TN:
SF:src/pokemon/application/use-cases/AddPokemonToCart.ts
FN:11,(anonymous_0)
FN:16,(anonymous_1)
FN:28,(anonymous_2)
FN:29,(anonymous_3)
FNF:4
FNH:4
FNDA:11,(anonymous_0)
FNDA:3,(anonymous_1)
FNDA:3,(anonymous_2)
FNDA:3,(anonymous_3)
DA:1,9
DA:2,9
DA:5,9
DA:8,9
DA:10,9
DA:12,11
DA:13,11
DA:20,3
DA:28,3
DA:29,3
DA:34,3
DA:35,1
DA:36,1
DA:38,2
DA:41,3
DA:42,1
DA:45,2
DA:47,2
DA:49,2
LF:19
LH:19
BRDA:24,0,0,3
BRDA:24,0,1,0
BRDA:34,1,0,1
BRDA:34,1,1,2
BRDA:41,2,0,1
BRDA:41,2,1,2
BRDA:41,3,0,3
BRDA:41,3,1,3
BRF:8
BRH:7
end_of_record
TN:
SF:src/pokemon/application/use-cases/CreateSuggestions.ts
FN:6,(anonymous_0)
FN:11,(anonymous_1)
FN:19,(anonymous_2)
FNF:3
FNH:3
FNDA:10,(anonymous_0)
FNDA:2,(anonymous_1)
FNDA:2,(anonymous_2)
DA:2,9
DA:5,9
DA:7,10
DA:8,10
DA:12,2
DA:13,1
DA:16,1
DA:18,1
DA:19,2
LF:9
LH:9
BRDA:12,0,0,1
BRDA:12,0,1,1
BRF:2
BRH:2
end_of_record
TN:
SF:src/pokemon/application/use-cases/FindSuggestions.ts
FN:4,(anonymous_0)
FN:8,(anonymous_1)
FN:15,(anonymous_2)
FNF:3
FNH:3
FNDA:11,(anonymous_0)
FNDA:5,(anonymous_1)
FNDA:2,(anonymous_2)
DA:3,9
DA:5,11
DA:9,5
DA:10,1
DA:13,4
DA:15,4
LF:6
LH:6
BRDA:9,0,0,1
BRDA:9,0,1,4
BRF:2
BRH:2
end_of_record
TN:
SF:src/pokemon/application/use-cases/GetAbilitiesForPokemon.ts
FN:6,(anonymous_0)
FN:8,(anonymous_1)
FN:10,(anonymous_2)
FN:17,(anonymous_3)
FN:19,(anonymous_4)
FNF:5
FNH:5
FNDA:10,(anonymous_0)
FNDA:2,(anonymous_1)
FNDA:2,(anonymous_2)
FNDA:2,(anonymous_3)
FNDA:1,(anonymous_4)
DA:3,9
DA:5,9
DA:6,10
DA:9,2
DA:11,2
DA:15,2
DA:17,2
DA:19,1
LF:8
LH:8
BRF:0
BRH:0
end_of_record
TN:
SF:src/pokemon/application/use-cases/GetMovesForPokemon.ts
FN:6,(anonymous_0)
FN:8,(anonymous_1)
FN:10,(anonymous_2)
FN:16,(anonymous_3)
FN:17,(anonymous_4)
FNF:5
FNH:5
FNDA:10,(anonymous_0)
FNDA:2,(anonymous_1)
FNDA:2,(anonymous_2)
FNDA:2,(anonymous_3)
FNDA:1,(anonymous_4)
DA:3,9
DA:5,9
DA:6,10
DA:9,2
DA:11,2
DA:15,2
DA:16,2
DA:17,1
LF:8
LH:8
BRF:0
BRH:0
end_of_record
TN:
SF:src/pokemon/application/use-cases/GetPokemonCart.ts
FN:5,(anonymous_0)
FN:7,(anonymous_1)
FNF:2
FNH:2
FNDA:10,(anonymous_0)
FNDA:4,(anonymous_1)
DA:2,9
DA:4,9
DA:5,10
DA:8,4
DA:10,4
DA:11,3
DA:14,1
LF:7
LH:7
BRDA:10,0,0,3
BRDA:10,0,1,1
BRF:2
BRH:2
end_of_record
TN:
SF:src/pokemon/application/use-cases/GetPokemonNames.ts
FN:4,(anonymous_0)
FN:6,(anonymous_1)
FN:9,(anonymous_2)
FNF:3
FNH:1
FNDA:8,(anonymous_0)
FNDA:0,(anonymous_1)
FNDA:0,(anonymous_2)
DA:3,8
DA:4,8
DA:7,0
DA:9,0
LF:4
LH:2
BRF:0
BRH:0
end_of_record
TN:
SF:src/pokemon/application/use-cases/GetPokemons.ts
FN:5,(anonymous_0)
FN:7,(anonymous_1)
FNF:2
FNH:2
FNDA:11,(anonymous_0)
FNDA:3,(anonymous_1)
DA:2,9
DA:4,9
DA:5,11
DA:8,3
DA:9,1
DA:12,2
DA:13,1
DA:16,1
DA:18,1
LF:9
LH:9
BRDA:8,0,0,1
BRDA:8,0,1,2
BRDA:12,1,0,1
BRDA:12,1,1,1
BRF:4
BRH:4
end_of_record
TN:
SF:src/pokemon/application/use-cases/RemovePokemonFromCart.ts
FN:10,(anonymous_0)
FN:15,(anonymous_1)
FNF:2
FNH:2
FNDA:11,(anonymous_0)
FNDA:3,(anonymous_1)
DA:3,9
DA:6,9
DA:7,9
DA:9,9
DA:11,11
DA:12,11
DA:16,3
DA:18,3
DA:20,3
DA:21,2
DA:24,1
DA:26,1
DA:28,1
LF:13
LH:13
BRDA:20,0,0,2
BRDA:20,0,1,1
BRDA:20,1,0,3
BRDA:20,1,1,2
BRF:4
BRH:4
end_of_record
TN:
SF:src/pokemon/application/use-cases/SearchPokemonById.ts
FN:6,(anonymous_0)
FN:8,(anonymous_1)
FNF:2
FNH:2
FNDA:11,(anonymous_0)
FNDA:4,(anonymous_1)
DA:1,9
DA:3,9
DA:5,9
DA:6,11
DA:9,4
DA:10,2
DA:13,2
DA:15,2
DA:17,2
LF:9
LH:9
BRDA:9,0,0,2
BRDA:9,0,1,2
BRDA:17,1,0,1
BRDA:17,1,1,1
BRF:4
BRH:4
end_of_record
TN:
SF:src/pokemon/application/use-cases/SearchPokemonByName.ts
FN:6,(anonymous_0)
FN:8,(anonymous_1)
FNF:2
FNH:2
FNDA:12,(anonymous_0)
FNDA:5,(anonymous_1)
DA:1,9
DA:3,9
DA:5,9
DA:6,12
DA:9,5
DA:10,2
DA:13,3
DA:14,3
DA:16,3
LF:9
LH:9
BRDA:9,0,0,2
BRDA:9,0,1,3
BRDA:9,1,0,5
BRDA:9,1,1,4
BRDA:16,2,0,2
BRDA:16,2,1,1
BRF:6
BRH:6
end_of_record
TN:
SF:src/pokemon/application/views/AbilityView.ts
FN:11,(anonymous_0)
FN:18,(anonymous_1)
FNF:2
FNH:2
FNDA:1,(anonymous_0)
FNDA:1,(anonymous_1)
DA:2,9
DA:4,9
DA:5,9
DA:12,1
DA:13,1
DA:14,1
DA:15,1
DA:19,1
LF:8
LH:8
BRF:0
BRH:0
end_of_record
TN:
SF:src/pokemon/application/views/CartView.ts
FN:5,(anonymous_0)
FN:10,(anonymous_1)
FN:14,(anonymous_2)
FN:15,(anonymous_3)
FN:18,(anonymous_4)
FN:22,(anonymous_5)
FN:25,(anonymous_6)
FNF:7
FNH:3
FNDA:9,(anonymous_0)
FNDA:0,(anonymous_1)
FNDA:0,(anonymous_2)
FNDA:0,(anonymous_3)
FNDA:0,(anonymous_4)
FNDA:9,(anonymous_5)
FNDA:6,(anonymous_6)
DA:1,13
DA:4,13
DA:6,9
DA:7,9
DA:11,0
DA:15,0
DA:19,0
DA:23,9
DA:25,6
LF:9
LH:6
BRF:0
BRH:0
end_of_record
TN:
SF:src/pokemon/application/views/MoveView.ts
FN:15,(anonymous_0)
FN:26,(anonymous_1)
FNF:2
FNH:2
FNDA:1,(anonymous_0)
FNDA:1,(anonymous_1)
DA:2,9
DA:4,9
DA:5,9
DA:16,1
DA:17,1
DA:18,1
DA:19,1
DA:20,1
DA:21,1
DA:22,1
DA:23,1
DA:27,1
LF:12
LH:12
BRF:0
BRH:0
end_of_record
TN:
SF:src/pokemon/application/views/PokemonView.ts
FN:4,(anonymous_0)
FN:17,(anonymous_1)
FN:24,(anonymous_2)
FN:28,(anonymous_3)
FN:29,(anonymous_4)
FNF:5
FNH:5
FNDA:19,(anonymous_0)
FNDA:19,(anonymous_1)
FNDA:26,(anonymous_2)
FNDA:19,(anonymous_3)
FNDA:19,(anonymous_4)
DA:3,19
DA:5,19
DA:6,19
DA:7,19
DA:8,19
DA:9,19
DA:10,19
DA:11,19
DA:12,19
DA:13,19
DA:14,19
DA:18,19
DA:24,26
DA:28,19
DA:29,19
LF:15
LH:15
BRDA:8,0,0,0
BRDA:13,1,0,0
BRDA:14,2,0,0
BRDA:29,3,0,19
BRDA:29,3,1,0
BRF:5
BRH:1
end_of_record
TN:
SF:src/pokemon/domain/entities/Ability.ts
FN:7,(anonymous_0)
FN:14,(anonymous_1)
FNF:2
FNH:2
FNDA:2,(anonymous_0)
FNDA:2,(anonymous_1)
DA:1,10
DA:2,10
DA:3,10
DA:4,10
DA:6,10
DA:8,2
DA:9,2
DA:10,2
DA:11,2
DA:20,2
LF:10
LH:10
BRF:0
BRH:0
end_of_record
TN:
SF:src/pokemon/domain/entities/Cart.ts
FN:6,(anonymous_0)
FN:11,(anonymous_1)
FN:17,(anonymous_2)
FN:19,(anonymous_3)
FN:23,(anonymous_4)
FN:27,(anonymous_5)
FN:28,(anonymous_6)
FN:31,(anonymous_7)
FN:35,(anonymous_8)
FNF:9
FNH:9
FNDA:12,(anonymous_0)
FNDA:9,(anonymous_1)
FNDA:1,(anonymous_2)
FNDA:1,(anonymous_3)
FNDA:16,(anonymous_4)
FNDA:15,(anonymous_5)
FNDA:5,(anonymous_6)
FNDA:2,(anonymous_7)
FNDA:10,(anonymous_8)
DA:1,13
DA:5,13
DA:7,12
DA:8,12
DA:12,9
DA:13,9
DA:18,1
DA:19,1
DA:24,16
DA:28,15
DA:32,2
DA:36,10
LF:12
LH:12
BRDA:8,0,0,0
BRDA:12,1,0,9
BRDA:12,1,1,0
BRF:3
BRH:1
end_of_record
TN:
SF:src/pokemon/domain/entities/Move.ts
FN:11,(anonymous_0)
FN:22,(anonymous_1)
FNF:2
FNH:2
FNDA:2,(anonymous_0)
FNDA:2,(anonymous_1)
DA:1,10
DA:2,10
DA:3,10
DA:4,10
DA:5,10
DA:6,10
DA:7,10
DA:8,10
DA:10,10
DA:12,2
DA:13,2
DA:14,2
DA:15,2
DA:16,2
DA:17,2
DA:18,2
DA:19,2
DA:32,2
LF:18
LH:18
BRF:0
BRH:0
end_of_record
TN:
SF:src/pokemon/domain/entities/Pokemon.ts
FN:11,(anonymous_0)
FN:23,(anonymous_1)
FN:36,(anonymous_2)
FN:49,(anonymous_3)
FN:50,(anonymous_4)
FNF:5
FNH:5
FNDA:30,(anonymous_0)
FNDA:30,(anonymous_1)
FNDA:37,(anonymous_2)
FNDA:28,(anonymous_3)
FNDA:28,(anonymous_4)
DA:1,19
DA:2,19
DA:3,19
DA:4,19
DA:5,19
DA:6,19
DA:7,19
DA:8,19
DA:10,19
DA:12,30
DA:13,30
DA:14,30
DA:15,30
DA:16,30
DA:17,30
DA:18,30
DA:19,30
DA:20,30
DA:34,30
DA:35,30
DA:36,37
DA:37,30
DA:38,30
DA:39,30
DA:41,30
DA:49,28
DA:50,28
LF:27
LH:27
BRF:0
BRH:0
end_of_record
TN:
SF:src/pokemon/domain/entities/Suggestion.ts
FN:6,(anonymous_0)
FN:11,(anonymous_1)
FN:15,(anonymous_2)
FN:22,(anonymous_3)
FNF:4
FNH:2
FNDA:28,(anonymous_0)
FNDA:0,(anonymous_1)
FNDA:28,(anonymous_2)
FNDA:0,(anonymous_3)
DA:1,12
DA:2,12
DA:5,12
DA:7,28
DA:8,28
DA:12,0
DA:16,28
DA:23,0
LF:8
LH:6
BRF:0
BRH:0
end_of_record
TN:
SF:src/pokemon/domain/value-objects/ability/AbilityEffect.ts
FN:4,(anonymous_0)
FN:8,(anonymous_1)
FNF:2
FNH:2
FNDA:2,(anonymous_0)
FNDA:2,(anonymous_1)
DA:1,10
DA:3,10
DA:5,2
DA:9,2
LF:4
LH:4
BRF:0
BRH:0
end_of_record
TN:
SF:src/pokemon/domain/value-objects/ability/AbilityGeneration.ts
FN:4,(anonymous_0)
FN:8,(anonymous_1)
FNF:2
FNH:2
FNDA:2,(anonymous_0)
FNDA:2,(anonymous_1)
DA:1,10
DA:3,10
DA:5,2
DA:9,2
LF:4
LH:4
BRF:0
BRH:0
end_of_record
TN:
SF:src/pokemon/domain/value-objects/ability/AbilityId.ts
FN:4,(anonymous_0)
FN:8,(anonymous_1)
FNF:2
FNH:2
FNDA:30,(anonymous_0)
FNDA:30,(anonymous_1)
DA:1,21
DA:3,21
DA:5,30
DA:9,30
LF:4
LH:4
BRF:0
BRH:0
end_of_record
TN:
SF:src/pokemon/domain/value-objects/ability/AbilityName.ts
FN:4,(anonymous_0)
FN:8,(anonymous_1)
FNF:2
FNH:2
FNDA:2,(anonymous_0)
FNDA:2,(anonymous_1)
DA:1,10
DA:3,10
DA:5,2
DA:9,2
LF:4
LH:4
BRF:0
BRH:0
end_of_record
TN:
SF:src/pokemon/domain/value-objects/cart/CartId.ts
FN:4,(anonymous_0)
FN:9,(anonymous_1)
FN:13,(anonymous_2)
FN:17,(anonymous_3)
FNF:4
FNH:4
FNDA:22,(anonymous_0)
FNDA:10,(anonymous_1)
FNDA:12,(anonymous_2)
FNDA:22,(anonymous_3)
DA:1,13
DA:3,13
DA:5,22
DA:6,22
DA:10,10
DA:14,12
DA:18,22
DA:19,0
LF:8
LH:7
BRDA:18,0,0,0
BRDA:18,0,1,22
BRF:2
BRH:1
end_of_record
TN:
SF:src/pokemon/domain/value-objects/move/MoveAccuracy.ts
FN:4,(anonymous_0)
FN:8,(anonymous_1)
FNF:2
FNH:2
FNDA:2,(anonymous_0)
FNDA:2,(anonymous_1)
DA:1,10
DA:3,10
DA:5,2
DA:9,2
LF:4
LH:4
BRF:0
BRH:0
end_of_record
TN:
SF:src/pokemon/domain/value-objects/move/MoveDamageClass.ts
FN:4,(anonymous_0)
FN:8,(anonymous_1)
FNF:2
FNH:2
FNDA:2,(anonymous_0)
FNDA:2,(anonymous_1)
DA:1,10
DA:3,10
DA:5,2
DA:9,2
LF:4
LH:4
BRF:0
BRH:0
end_of_record
TN:
SF:src/pokemon/domain/value-objects/move/MoveEffectChance.ts
FN:4,(anonymous_0)
FN:8,(anonymous_1)
FNF:2
FNH:2
FNDA:2,(anonymous_0)
FNDA:2,(anonymous_1)
DA:1,10
DA:3,10
DA:5,2
DA:9,2
LF:4
LH:4
BRF:0
BRH:0
end_of_record
TN:
SF:src/pokemon/domain/value-objects/move/MoveId.ts
FN:4,(anonymous_0)
FN:8,(anonymous_1)
FNF:2
FNH:2
FNDA:30,(anonymous_0)
FNDA:30,(anonymous_1)
DA:1,21
DA:3,21
DA:5,30
DA:9,30
LF:4
LH:4
BRF:0
BRH:0
end_of_record
TN:
SF:src/pokemon/domain/value-objects/move/MoveName.ts
FN:4,(anonymous_0)
FN:8,(anonymous_1)
FNF:2
FNH:2
FNDA:2,(anonymous_0)
FNDA:2,(anonymous_1)
DA:1,10
DA:3,10
DA:5,2
DA:9,2
LF:4
LH:4
BRF:0
BRH:0
end_of_record
TN:
SF:src/pokemon/domain/value-objects/move/MovePP.ts
FN:4,(anonymous_0)
FN:8,(anonymous_1)
FNF:2
FNH:2
FNDA:2,(anonymous_0)
FNDA:2,(anonymous_1)
DA:1,10
DA:3,10
DA:5,2
DA:9,2
LF:4
LH:4
BRF:0
BRH:0
end_of_record
TN:
SF:src/pokemon/domain/value-objects/move/MovePower.ts
FN:4,(anonymous_0)
FN:8,(anonymous_1)
FNF:2
FNH:2
FNDA:2,(anonymous_0)
FNDA:2,(anonymous_1)
DA:1,10
DA:3,10
DA:5,2
DA:9,2
LF:4
LH:4
BRF:0
BRH:0
end_of_record
TN:
SF:src/pokemon/domain/value-objects/move/MovePriority.ts
FN:4,(anonymous_0)
FN:8,(anonymous_1)
FNF:2
FNH:2
FNDA:2,(anonymous_0)
FNDA:2,(anonymous_1)
DA:1,10
DA:3,10
DA:5,2
DA:9,2
LF:4
LH:4
BRF:0
BRH:0
end_of_record
TN:
SF:src/pokemon/domain/value-objects/pokemon/PokemonExperience.ts
FN:4,(anonymous_0)
FN:9,(anonymous_1)
FN:13,(anonymous_2)
FNF:3
FNH:3
FNDA:30,(anonymous_0)
FNDA:30,(anonymous_1)
FNDA:30,(anonymous_2)
DA:1,19
DA:3,19
DA:5,30
DA:6,30
DA:10,30
DA:14,30
DA:15,0
LF:7
LH:6
BRDA:14,0,0,0
BRDA:14,0,1,30
BRF:2
BRH:1
end_of_record
TN:
SF:src/pokemon/domain/value-objects/pokemon/PokemonHeight.ts
FN:4,(anonymous_0)
FN:9,(anonymous_1)
FN:13,(anonymous_2)
FNF:3
FNH:3
FNDA:30,(anonymous_0)
FNDA:30,(anonymous_1)
FNDA:30,(anonymous_2)
DA:1,19
DA:3,19
DA:5,30
DA:6,30
DA:10,30
DA:14,30
DA:15,0
LF:7
LH:6
BRDA:14,0,0,0
BRDA:14,0,1,30
BRF:2
BRH:1
end_of_record
TN:
SF:src/pokemon/domain/value-objects/pokemon/PokemonId.ts
FN:4,(anonymous_0)
FN:9,(anonymous_1)
FN:13,(anonymous_2)
FNF:3
FNH:3
FNDA:40,(anonymous_0)
FNDA:40,(anonymous_1)
FNDA:40,(anonymous_2)
DA:1,19
DA:3,19
DA:5,40
DA:6,40
DA:10,40
DA:14,40
DA:15,0
LF:7
LH:6
BRDA:14,0,0,0
BRDA:14,0,1,40
BRF:2
BRH:1
end_of_record
TN:
SF:src/pokemon/domain/value-objects/pokemon/PokemonName.ts
FN:4,(anonymous_0)
FN:9,(anonymous_1)
FN:15,(anonymous_2)
FN:19,(anonymous_3)
FNF:4
FNH:3
FNDA:46,(anonymous_0)
FNDA:0,(anonymous_1)
FNDA:46,(anonymous_2)
FNDA:46,(anonymous_3)
DA:1,19
DA:3,19
DA:4,46
DA:5,46
DA:6,46
DA:10,0
DA:16,46
DA:20,46
DA:21,0
LF:9
LH:7
BRDA:20,0,0,0
BRDA:20,0,1,46
BRDA:20,1,0,46
BRDA:20,1,1,46
BRF:4
BRH:3
end_of_record
TN:
SF:src/pokemon/domain/value-objects/pokemon/PokemonType.ts
FN:4,(anonymous_0)
FN:9,(anonymous_1)
FN:13,(anonymous_2)
FN:17,(anonymous_3)
FNF:4
FNH:2
FNDA:39,(anonymous_0)
FNDA:0,(anonymous_1)
FNDA:0,(anonymous_2)
FNDA:39,(anonymous_3)
DA:1,19
DA:3,19
DA:4,39
DA:5,39
DA:6,39
DA:10,0
DA:14,0
DA:18,39
LF:8
LH:6
BRF:0
BRH:0
end_of_record
TN:
SF:src/pokemon/domain/value-objects/pokemon/PokemonWeight.ts
FN:4,(anonymous_0)
FN:9,(anonymous_1)
FN:13,(anonymous_2)
FNF:3
FNH:3
FNDA:30,(anonymous_0)
FNDA:30,(anonymous_1)
FNDA:30,(anonymous_2)
DA:1,19
DA:3,19
DA:5,30
DA:6,30
DA:10,30
DA:14,30
DA:15,0
LF:7
LH:6
BRDA:14,0,0,0
BRDA:14,0,1,30
BRF:2
BRH:1
end_of_record
TN:
SF:src/pokemon/domain/value-objects/suggestion/SuggestionId.ts
FN:4,(anonymous_0)
FN:8,(anonymous_1)
FN:13,(anonymous_2)
FNF:3
FNH:2
FNDA:28,(anonymous_0)
FNDA:0,(anonymous_1)
FNDA:28,(anonymous_2)
DA:1,12
DA:3,12
DA:4,28
DA:5,28
DA:9,0
DA:10,0
DA:14,28
LF:7
LH:5
BRF:0
BRH:0
end_of_record
TN:
SF:src/pokemon/domain/value-objects/suggestion/SuggestionName.ts
FN:4,(anonymous_0)
FN:8,(anonymous_1)
FNF:2
FNH:2
FNDA:28,(anonymous_0)
FNDA:28,(anonymous_1)
DA:1,12
DA:3,12
DA:4,28
DA:5,28
DA:9,28
LF:5
LH:5
BRF:0
BRH:0
end_of_record
TN:
SF:src/pokemon/infrastructure/adapters/SuggestionSearchAdapter.ts
FN:7,(anonymous_0)
FN:9,(anonymous_1)
FN:10,(anonymous_2)
FN:14,(anonymous_3)
FN:17,(anonymous_4)
FN:22,(anonymous_5)
FN:25,(anonymous_6)
FN:28,(anonymous_7)
FN:29,(anonymous_8)
FN:33,(anonymous_9)
FNF:10
FNH:10
FNDA:13,(anonymous_0)
FNDA:6,(anonymous_1)
FNDA:9,(anonymous_2)
FNDA:7,(anonymous_3)
FNDA:5,(anonymous_4)
FNDA:4,(anonymous_5)
FNDA:10,(anonymous_6)
FNDA:4,(anonymous_7)
FNDA:9,(anonymous_8)
FNDA:24,(anonymous_9)
DA:1,9
DA:4,9
DA:8,13
DA:9,6
DA:10,9
DA:15,7
DA:17,7
DA:18,5
DA:23,4
DA:25,10
DA:29,4
DA:30,9
DA:33,4
DA:34,24
DA:35,14
DA:38,10
DA:39,10
DA:46,4
LF:18
LH:18
BRDA:34,0,0,14
BRDA:34,0,1,10
BRF:2
BRH:2
end_of_record
TN:
SF:src/pokemon/infrastructure/repositories/AbilityApiRepository.ts
FN:7,(anonymous_0)
FN:9,(anonymous_1)
FN:25,(anonymous_2)
FN:30,(anonymous_3)
FNF:4
FNH:4
FNDA:11,(anonymous_0)
FNDA:3,(anonymous_1)
FNDA:1,(anonymous_2)
FNDA:1,(anonymous_3)
DA:1,9
DA:6,9
DA:7,11
DA:10,3
DA:14,3
DA:15,1
DA:18,2
DA:19,1
DA:22,1
DA:26,1
DA:30,1
LF:11
LH:11
BRDA:14,0,0,1
BRDA:14,0,1,2
BRDA:18,1,0,1
BRDA:18,1,1,1
BRDA:30,2,0,1
BRDA:30,2,1,0
BRF:6
BRH:5
end_of_record
TN:
SF:src/pokemon/infrastructure/repositories/CartLocalStorageRepository.ts
FN:9,(anonymous_0)
FN:14,(anonymous_1)
FN:30,(anonymous_2)
FN:51,(anonymous_3)
FN:66,(anonymous_4)
FN:68,(anonymous_5)
FN:77,(anonymous_6)
FN:78,(anonymous_7)
FNF:8
FNH:8
FNDA:13,(anonymous_0)
FNDA:1,(anonymous_1)
FNDA:4,(anonymous_2)
FNDA:2,(anonymous_3)
FNDA:2,(anonymous_4)
FNDA:2,(anonymous_5)
FNDA:2,(anonymous_6)
FNDA:2,(anonymous_7)
DA:1,9
DA:2,9
DA:3,9
DA:5,9
DA:8,9
DA:10,13
DA:11,13
DA:15,1
DA:16,1
DA:21,1
DA:26,0
DA:31,4
DA:33,4
DA:34,3
DA:37,1
DA:39,1
DA:40,0
DA:43,1
DA:44,1
DA:46,0
DA:47,0
DA:52,2
DA:54,2
DA:55,1
DA:58,1
DA:59,1
DA:61,0
DA:62,0
DA:67,2
DA:68,2
DA:69,2
DA:77,2
DA:78,2
DA:82,2
LF:34
LH:28
BRDA:11,0,0,8
BRDA:33,1,0,3
BRDA:33,1,1,1
BRDA:39,2,0,0
BRDA:39,2,1,1
BRDA:54,3,0,1
BRDA:54,3,1,1
BRF:7
BRH:6
end_of_record
TN:
SF:src/pokemon/infrastructure/repositories/MoveApiRepository.ts
FN:7,(anonymous_0)
FN:9,(anonymous_1)
FNF:2
FNH:2
FNDA:11,(anonymous_0)
FNDA:3,(anonymous_1)
DA:1,9
DA:6,9
DA:7,11
DA:10,3
DA:12,3
DA:13,1
DA:16,2
DA:17,1
DA:20,1
DA:22,1
LF:10
LH:10
BRDA:12,0,0,1
BRDA:12,0,1,2
BRDA:16,1,0,1
BRDA:16,1,1,1
BRF:4
BRH:4
end_of_record
TN:
SF:src/pokemon/infrastructure/repositories/PokemonApiRepository.ts
FN:10,(anonymous_0)
FN:12,(anonymous_1)
FN:28,(anonymous_2)
FN:44,(anonymous_3)
FN:57,(anonymous_4)
FN:73,(anonymous_5)
FN:84,(anonymous_6)
FN:87,(anonymous_7)
FN:93,(anonymous_8)
FN:99,(anonymous_9)
FN:106,(anonymous_10)
FNF:11
FNH:11
FNDA:16,(anonymous_0)
FNDA:2,(anonymous_1)
FNDA:2,(anonymous_2)
FNDA:2,(anonymous_3)
FNDA:3,(anonymous_4)
FNDA:2,(anonymous_5)
FNDA:3,(anonymous_6)
FNDA:4,(anonymous_7)
FNDA:6,(anonymous_8)
FNDA:2,(anonymous_9)
FNDA:2,(anonymous_10)
DA:2,9
DA:5,9
DA:9,9
DA:10,16
DA:13,2
DA:17,2
DA:18,1
DA:21,1
DA:22,0
DA:25,1
DA:29,2
DA:33,2
DA:34,1
DA:37,1
DA:38,0
DA:41,1
DA:45,2
DA:46,2
DA:50,2
DA:51,0
DA:54,2
DA:56,2
DA:58,3
DA:62,3
DA:63,1
DA:66,2
DA:70,1
DA:74,2
DA:78,2
DA:79,1
DA:82,1
DA:84,3
DA:88,4
DA:93,6
DA:100,2
DA:101,2
DA:102,2
DA:107,2
DA:108,2
DA:109,2
LF:40
LH:37
BRDA:17,0,0,1
BRDA:17,0,1,1
BRDA:21,1,0,0
BRDA:21,1,1,1
BRDA:33,2,0,1
BRDA:33,2,1,1
BRDA:37,3,0,0
BRDA:37,3,1,1
BRDA:50,4,0,0
BRDA:50,4,1,2
BRDA:62,5,0,1
BRDA:62,5,1,2
BRDA:78,6,0,1
BRDA:78,6,1,1
BRF:14
BRH:11
end_of_record
TN:
SF:src/pokemon/infrastructure/repositories/SuggestionLocalStorageRepository.ts
FN:6,(anonymous_0)
FN:14,(anonymous_1)
FN:19,(anonymous_2)
FN:23,(anonymous_3)
FN:29,(anonymous_4)
FN:31,(anonymous_5)
FN:39,(anonymous_6)
FN:48,(anonymous_7)
FNF:8
FNH:8
FNDA:14,(anonymous_0)
FNDA:1,(anonymous_1)
FNDA:3,(anonymous_2)
FNDA:2,(anonymous_3)
FNDA:1,(anonymous_4)
FNDA:2,(anonymous_5)
FNDA:14,(anonymous_6)
FNDA:2,(anonymous_7)
DA:1,9
DA:5,9
DA:7,14
DA:8,14
DA:9,14
DA:11,14
DA:15,1
DA:16,1
DA:20,3
DA:24,2
DA:26,2
DA:30,1
DA:31,2
DA:36,1
DA:40,14
DA:42,14
DA:43,13
DA:46,1
DA:48,2
LF:19
LH:19
BRDA:9,0,0,8
BRDA:42,1,0,13
BRDA:42,1,1,1
BRF:3
BRH:3
end_of_record
TN:
SF:src/pokemon/presentation/components/cart/Card.tsx
FN:8,(anonymous_1)
FN:12,(anonymous_2)
FN:20,(anonymous_3)
FN:37,(anonymous_4)
FNF:4
FNH:4
FNDA:3,(anonymous_1)
FNDA:1,(anonymous_2)
FNDA:1,(anonymous_3)
FNDA:1,(anonymous_4)
DA:1,2
DA:2,2
DA:4,2
DA:5,2
DA:6,2
DA:8,2
DA:9,3
DA:10,3
DA:12,3
DA:13,1
DA:15,1
DA:16,1
DA:20,3
DA:21,1
DA:22,1
DA:25,3
DA:38,1
DA:39,1
LF:18
LH:18
BRDA:15,0,0,1
BRDA:15,0,1,0
BRDA:30,1,0,3
BRDA:30,1,1,0
BRF:4
BRH:2
end_of_record
TN:
SF:src/pokemon/presentation/components/cart/Counter.tsx
FN:7,(anonymous_1)
FN:12,(anonymous_2)
FN:13,(anonymous_3)
FNF:3
FNH:1
FNDA:2,(anonymous_1)
FNDA:0,(anonymous_2)
FNDA:0,(anonymous_3)
DA:1,1
DA:2,1
DA:3,1
DA:4,1
DA:5,1
DA:7,1
DA:8,2
DA:9,2
DA:10,2
DA:12,2
DA:13,2
DA:15,2
LF:12
LH:12
BRDA:9,0,0,2
BRDA:9,0,1,0
BRDA:32,1,0,2
BRDA:32,1,1,2
BRDA:32,1,2,1
BRDA:32,1,3,0
BRF:6
BRH:4
end_of_record
TN:
SF:src/pokemon/presentation/components/cart/Modal.tsx
FN:7,(anonymous_1)
FN:32,(anonymous_2)
FNF:2
FNH:2
FNDA:2,(anonymous_1)
FNDA:4,(anonymous_2)
DA:1,2
DA:4,2
DA:5,2
DA:7,2
DA:12,2
DA:14,2
DA:33,4
LF:7
LH:7
BRF:0
BRH:0
end_of_record
TN:
SF:src/pokemon/presentation/components/details/Accordion.tsx
FN:5,(anonymous_1)
FN:13,(anonymous_2)
FN:30,(anonymous_3)
FN:37,(anonymous_4)
FN:39,(anonymous_5)
FNF:5
FNH:5
FNDA:12,(anonymous_1)
FNDA:2,(anonymous_2)
FNDA:6,(anonymous_3)
FNDA:4,(anonymous_4)
FNDA:12,(anonymous_5)
DA:1,2
DA:3,2
DA:5,2
DA:13,12
DA:14,2
DA:15,1
DA:17,2
DA:20,12
DA:31,6
DA:38,4
DA:40,12
LF:11
LH:11
BRDA:14,0,0,1
BRDA:14,0,1,1
BRDA:14,1,0,2
BRDA:14,1,1,1
BRDA:23,2,0,2
BRDA:23,2,1,10
BRDA:25,3,0,12
BRDA:25,3,1,2
BRDA:36,4,0,2
BRDA:36,4,1,2
BRF:10
BRH:10
end_of_record
TN:
SF:src/pokemon/presentation/components/details/Page.tsx
FN:13,(anonymous_6)
FN:26,(anonymous_7)
FN:36,(anonymous_8)
FN:81,(anonymous_9)
FN:91,(anonymous_10)
FN:91,(anonymous_11)
FN:98,(anonymous_12)
FN:98,(anonymous_13)
FNF:8
FNH:1
FNDA:7,(anonymous_6)
FNDA:0,(anonymous_7)
FNDA:0,(anonymous_8)
FNDA:0,(anonymous_9)
FNDA:0,(anonymous_10)
FNDA:0,(anonymous_11)
FNDA:0,(anonymous_12)
FNDA:0,(anonymous_13)
DA:1,1
DA:2,1
DA:3,1
DA:5,1
DA:6,1
DA:7,1
DA:8,1
DA:9,1
DA:10,1
DA:11,1
DA:13,1
DA:14,7
DA:15,7
DA:16,6
DA:18,6
DA:19,6
DA:21,6
DA:22,6
DA:26,6
DA:36,6
DA:42,6
DA:43,2
DA:46,4
DA:81,0
DA:91,0
DA:98,0
LF:26
LH:23
BRDA:21,0,0,0
BRDA:21,0,1,6
BRDA:21,1,0,0
BRDA:21,1,1,0
BRDA:23,2,0,0
BRDA:23,2,1,6
BRDA:23,3,0,0
BRDA:23,3,1,0
BRDA:42,4,0,2
BRDA:42,4,1,4
BRDA:49,5,0,4
BRDA:49,5,1,0
BRF:12
BRH:5
end_of_record
TN:
SF:src/pokemon/presentation/components/pokedex/Grid.tsx
FN:9,(anonymous_6)
FN:21,(anonymous_7)
FN:28,(anonymous_8)
FN:32,(anonymous_9)
FN:38,(anonymous_10)
FN:42,(anonymous_11)
FN:75,(anonymous_12)
FNF:7
FNH:5
FNDA:9,(anonymous_6)
FNDA:8,(anonymous_7)
FNDA:1,(anonymous_8)
FNDA:0,(anonymous_9)
FNDA:0,(anonymous_10)
FNDA:2,(anonymous_11)
FNDA:21,(anonymous_12)
DA:1,1
DA:2,1
DA:3,1
DA:4,1
DA:5,1
DA:6,1
DA:7,1
DA:9,1
DA:10,9
DA:11,9
DA:13,9
DA:14,9
DA:16,9
DA:17,9
DA:19,9
DA:21,9
DA:22,8
DA:23,0
DA:25,8
DA:28,9
DA:29,1
DA:32,9
DA:33,0
DA:34,0
DA:38,9
DA:39,0
DA:42,9
DA:43,2
DA:44,2
DA:51,9
DA:52,1
DA:55,8
DA:56,1
DA:59,7
DA:76,21
LF:35
LH:31
BRDA:13,0,0,9
BRDA:13,0,1,5
BRDA:16,1,0,9
BRDA:16,1,1,6
BRDA:17,2,0,9
BRDA:17,2,1,6
BRDA:22,3,0,0
BRDA:22,3,1,8
BRDA:33,4,0,0
BRDA:33,4,1,0
BRDA:51,5,0,1
BRDA:51,5,1,8
BRDA:55,6,0,1
BRDA:55,6,1,7
BRDA:79,7,0,21
BRDA:79,7,1,0
BRF:16
BRH:12
end_of_record
TN:
SF:src/pokemon/presentation/components/search/Card.tsx
FN:6,(anonymous_1)
FNF:1
FNH:1
FNDA:1,(anonymous_1)
DA:1,1
DA:3,1
DA:4,1
DA:6,1
DA:7,1
LF:5
LH:5
BRDA:15,0,0,1
BRDA:15,0,1,0
BRF:2
BRH:1
end_of_record
TN:
SF:src/pokemon/presentation/components/search/Form.tsx
FN:12,(anonymous_1)
FN:33,(anonymous_2)
FN:39,(anonymous_3)
FN:44,(anonymous_4)
FN:49,(anonymous_5)
FN:53,(anonymous_6)
FN:57,(anonymous_7)
FN:101,(anonymous_8)
FNF:8
FNH:3
FNDA:13,(anonymous_1)
FNDA:1,(anonymous_2)
FNDA:2,(anonymous_3)
FNDA:0,(anonymous_4)
FNDA:0,(anonymous_5)
FNDA:0,(anonymous_6)
FNDA:0,(anonymous_7)
FNDA:0,(anonymous_8)
DA:1,1
DA:2,1
DA:3,1
DA:4,1
DA:6,1
DA:8,1
DA:9,1
DA:10,1
DA:12,1
DA:20,13
DA:27,13
DA:28,13
DA:29,13
DA:30,13
DA:31,13
DA:33,13
DA:34,1
DA:35,1
DA:36,1
DA:39,13
DA:40,2
DA:41,2
DA:44,13
DA:45,0
DA:46,0
DA:49,13
DA:50,0
DA:52,0
DA:53,0
DA:54,0
DA:56,0
DA:57,0
DA:58,0
DA:60,0
DA:61,0
DA:62,0
DA:66,13
DA:101,0
LF:38
LH:25
BRDA:50,0,0,0
BRDA:50,0,1,0
BRDA:50,1,0,0
BRDA:50,1,1,0
BRDA:52,2,0,0
BRDA:52,2,1,0
BRDA:54,3,0,0
BRDA:54,3,1,0
BRDA:56,4,0,0
BRDA:56,4,1,0
BRDA:58,5,0,0
BRDA:58,5,1,0
BRDA:60,6,0,0
BRDA:60,6,1,0
BRDA:60,7,0,0
BRDA:60,7,1,0
BRDA:87,8,0,13
BRDA:87,8,1,6
BRDA:98,9,0,13
BRDA:98,9,1,3
BRDA:98,9,2,3
BRF:21
BRH:5
end_of_record
TN:
SF:src/pokemon/presentation/components/search/Modal.tsx
FN:7,(anonymous_1)
FN:9,(anonymous_2)
FNF:2
FNH:1
FNDA:1,(anonymous_1)
FNDA:0,(anonymous_2)
DA:1,1
DA:2,1
DA:4,1
DA:7,1
DA:8,1
DA:9,0
LF:6
LH:5
BRF:0
BRH:0
end_of_record
TN:
SF:src/pokemon/presentation/components/search/SearchBar.tsx
FN:10,(anonymous_6)
FN:20,(anonymous_7)
FN:24,(anonymous_8)
FN:33,(anonymous_9)
FN:37,(anonymous_10)
FNF:5
FNH:3
FNDA:4,(anonymous_6)
FNDA:2,(anonymous_7)
FNDA:1,(anonymous_8)
FNDA:0,(anonymous_9)
FNDA:0,(anonymous_10)
DA:1,1
DA:2,1
DA:3,1
DA:4,1
DA:5,1
DA:6,1
DA:7,1
DA:8,1
DA:10,1
DA:16,4
DA:17,4
DA:18,4
DA:20,4
DA:21,2
DA:24,4
DA:25,1
DA:26,1
DA:29,4
DA:33,0
DA:37,0
LF:20
LH:18
BRDA:21,0,0,1
BRDA:21,0,1,1
BRDA:32,1,0,4
BRDA:32,1,1,1
BRDA:32,1,2,1
BRDA:37,2,0,4
BRDA:37,2,1,1
BRDA:38,3,0,4
BRDA:38,3,1,0
BRF:9
BRH:8
end_of_record
TN:
SF:src/pokemon/presentation/components/search/Suggestions.tsx
FN:6,(anonymous_6)
FN:14,(anonymous_7)
FN:40,(anonymous_8)
FN:46,(anonymous_9)
FNF:4
FNH:4
FNDA:11,(anonymous_6)
FNDA:8,(anonymous_7)
FNDA:9,(anonymous_8)
FNDA:1,(anonymous_9)
DA:1,2
DA:2,2
DA:4,2
DA:6,2
DA:12,11
DA:14,11
DA:15,8
DA:18,11
DA:19,3
DA:26,8
DA:27,1
DA:34,7
DA:35,4
DA:38,3
DA:41,9
DA:46,1
LF:16
LH:16
BRDA:18,0,0,3
BRDA:18,0,1,8
BRDA:26,1,0,1
BRDA:26,1,1,7
BRDA:34,2,0,4
BRDA:34,2,1,3
BRDA:44,3,0,1
BRDA:44,3,1,8
BRF:8
BRH:8
end_of_record
TN:
SF:src/pokemon/presentation/context/CartContext.tsx
FNF:0
FNH:0
DA:1,3
DA:5,3
LF:2
LH:2
BRF:0
BRH:0
end_of_record
TN:
SF:src/pokemon/presentation/context/CartContextProvider.tsx
FN:5,(anonymous_1)
FNF:1
FNH:0
FNDA:0,(anonymous_1)
DA:1,0
DA:2,0
DA:3,0
DA:5,0
DA:8,0
LF:5
LH:0
BRF:0
BRH:0
end_of_record
TN:
SF:src/pokemon/presentation/hooks/useFindSuggestions.ts
FN:4,(anonymous_0)
FN:9,(anonymous_1)
FN:10,(anonymous_2)
FNF:3
FNH:3
FNDA:6,(anonymous_0)
FNDA:2,(anonymous_1)
FNDA:2,(anonymous_2)
DA:1,2
DA:2,2
DA:4,2
DA:5,6
DA:6,6
DA:7,6
DA:9,6
DA:10,2
DA:11,2
DA:12,2
DA:13,0
DA:14,0
DA:15,0
DA:16,0
DA:19,2
DA:20,2
DA:22,2
DA:23,2
DA:25,0
DA:27,2
DA:31,2
DA:34,6
LF:22
LH:17
BRDA:12,0,0,0
BRDA:12,0,1,2
BRDA:25,1,0,0
BRDA:25,1,1,0
BRF:4
BRH:1
end_of_record
TN:
SF:src/pokemon/presentation/hooks/useGetPokemonAbilities.ts
FN:7,(anonymous_0)
FN:12,(anonymous_1)
FN:17,(anonymous_2)
FNF:3
FNH:2
FNDA:6,(anonymous_0)
FNDA:3,(anonymous_1)
FNDA:0,(anonymous_2)
DA:1,1
DA:2,1
DA:4,1
DA:7,1
DA:10,6
DA:12,6
DA:13,3
DA:14,3
DA:15,3
DA:17,0
DA:18,0
DA:21,0
DA:23,0
DA:26,6
LF:14
LH:10
BRDA:13,0,0,3
BRDA:13,0,1,0
BRF:2
BRH:1
end_of_record
TN:
SF:src/pokemon/presentation/hooks/useGetPokemonMoves.ts
FN:6,(anonymous_0)
FN:9,(anonymous_1)
FN:14,(anonymous_2)
FNF:3
FNH:2
FNDA:6,(anonymous_0)
FNDA:3,(anonymous_1)
FNDA:0,(anonymous_2)
DA:1,1
DA:4,1
DA:6,1
DA:7,6
DA:9,6
DA:10,3
DA:11,3
DA:12,3
DA:14,0
DA:15,0
DA:16,0
DA:19,0
DA:22,6
LF:13
LH:9
BRDA:10,0,0,3
BRDA:10,0,1,0
BRF:2
BRH:1
end_of_record
TN:
SF:src/pokemon/presentation/hooks/useGetPokemons.ts
FN:5,(anonymous_0)
FN:10,(anonymous_1)
FN:11,(anonymous_2)
FNF:3
FNH:3
FNDA:13,(anonymous_0)
FNDA:4,(anonymous_1)
FNDA:4,(anonymous_2)
DA:1,2
DA:3,2
DA:5,2
DA:6,13
DA:7,13
DA:8,13
DA:10,13
DA:11,4
DA:12,4
DA:13,4
DA:14,4
DA:15,4
DA:16,3
DA:18,1
DA:20,4
DA:24,4
DA:27,13
LF:17
LH:17
BRDA:18,0,0,1
BRDA:18,0,1,0
BRF:2
BRH:1
end_of_record
TN:
SF:src/pokemon/presentation/hooks/usePokemonCart.ts
FN:12,(anonymous_0)
FN:16,(anonymous_1)
FN:17,(anonymous_2)
FN:29,(anonymous_3)
FN:33,(anonymous_4)
FN:39,(anonymous_5)
FN:44,(anonymous_6)
FN:52,(anonymous_7)
FNF:8
FNH:6
FNDA:11,(anonymous_0)
FNDA:5,(anonymous_1)
FNDA:5,(anonymous_2)
FNDA:0,(anonymous_3)
FNDA:5,(anonymous_4)
FNDA:0,(anonymous_5)
FNDA:1,(anonymous_6)
FNDA:1,(anonymous_7)
DA:1,3
DA:2,3
DA:3,3
DA:12,3
DA:13,11
DA:14,10
DA:16,10
DA:17,5
DA:18,5
DA:19,5
DA:20,5
DA:22,0
DA:26,5
DA:29,10
DA:30,0
DA:33,10
DA:34,5
DA:35,5
DA:38,0
DA:39,0
DA:40,0
DA:44,10
DA:45,1
DA:46,1
DA:48,0
DA:52,10
DA:53,1
DA:54,0
DA:57,1
DA:58,1
DA:60,0
DA:64,10
LF:32
LH:24
BRDA:34,0,0,5
BRDA:34,0,1,0
BRDA:46,1,0,1
BRDA:46,1,1,0
BRDA:53,2,0,0
BRDA:53,2,1,1
BRF:6
BRH:3
end_of_record
TN:
SF:src/pokemon/presentation/hooks/usePokemonSearch.ts
FN:7,(anonymous_0)
FN:12,(anonymous_1)
FNF:2
FNH:2
FNDA:14,(anonymous_0)
FNDA:7,(anonymous_1)
DA:1,2
DA:3,2
DA:5,2
DA:7,2
DA:8,14
DA:9,14
DA:10,14
DA:12,14
DA:13,7
DA:14,1
DA:15,1
DA:18,6
DA:19,6
DA:21,6
DA:23,6
DA:24,6
DA:25,4
DA:27,2
DA:29,5
DA:31,5
DA:32,1
DA:35,1
DA:36,1
DA:38,6
DA:42,14
LF:25
LH:25
BRDA:13,0,0,1
BRDA:13,0,1,6
BRDA:13,1,0,7
BRDA:13,1,1,6
BRDA:24,2,0,4
BRDA:24,2,1,2
BRDA:24,3,0,6
BRDA:24,3,1,4
BRDA:31,4,0,1
BRDA:31,4,1,4
BRDA:35,5,0,1
BRDA:35,5,1,0
BRF:12
BRH:11
end_of_record
TN:
SF:src/pokemon/presentation/schemas/SearchInputSchema.ts
FNF:0
FNH:0
DA:1,1
DA:3,1
LF:2
LH:2
BRF:0
BRH:0
end_of_record
TN:
SF:src/pokemon/presentation/utils/sortPokemons.ts
FN:3,(anonymous_0)
FN:12,(anonymous_1)
FNF:2
FNH:2
FNDA:8,(anonymous_0)
FNDA:14,(anonymous_1)
DA:3,1
DA:8,8
DA:9,0
DA:12,8
DA:13,14
DA:14,4
DA:15,4
DA:16,10
DA:17,10
DA:18,10
DA:20,0
LF:11
LH:9
BRDA:8,0,0,0
BRDA:8,0,1,8
BRDA:13,1,0,4
BRDA:13,1,1,10
BRDA:15,2,0,4
BRDA:15,2,1,0
BRDA:16,3,0,10
BRDA:16,3,1,0
BRDA:18,4,0,8
BRDA:18,4,1,2
BRF:10
BRH:7
end_of_record
TN:
SF:src/shared/domain/value-objects/ValueObject.ts
FN:4,(anonymous_0)
FN:8,(anonymous_1)
FN:12,(anonymous_2)
FNF:3
FNH:3
FNDA:373,(anonymous_0)
FNDA:322,(anonymous_1)
FNDA:7,(anonymous_2)
DA:1,28
DA:5,373
DA:9,322
DA:13,7
LF:4
LH:4
BRF:0
BRH:0
end_of_record
TN:
SF:src/shared/infrastructure/adapters/mitt/MittEventEmmiterAdapter.ts
FN:4,(anonymous_1)
FN:10,(anonymous_2)
FN:20,(anonymous_3)
FN:30,(anonymous_4)
FNF:4
FNH:4
FNDA:13,(anonymous_1)
FNDA:6,(anonymous_2)
FNDA:3,(anonymous_3)
FNDA:5,(anonymous_4)
DA:1,9
DA:4,9
DA:7,13
DA:14,6
DA:24,3
DA:31,5
LF:6
LH:6
BRF:0
BRH:0
end_of_record
TN:
SF:src/shared/infrastructure/di/DependencyContainer.ts
FNF:0
FNH:0
DA:1,8
DA:2,8
DA:3,8
DA:4,8
DA:5,8
DA:6,8
DA:7,8
DA:9,8
DA:10,8
DA:11,8
DA:12,8
DA:13,8
DA:14,8
DA:15,8
DA:16,8
DA:17,8
DA:18,8
DA:19,8
DA:20,8
DA:22,8
DA:23,8
DA:25,8
DA:26,8
DA:28,8
DA:30,8
DA:32,8
DA:36,8
DA:38,8
DA:43,8
DA:45,8
DA:47,8
DA:48,8
DA:53,8
DA:58,8
DA:60,8
DA:62,8
DA:66,8
DA:68,8
LF:38
LH:38
BRF:0
BRH:0
end_of_record
TN:
SF:src/shared/infrastructure/http/ApiResponse.ts
FN:2,(anonymous_0)
FN:7,(anonymous_1)
FN:11,(anonymous_2)
FN:15,(anonymous_3)
FN:19,(anonymous_4)
FNF:5
FNH:5
FNDA:13,(anonymous_0)
FNDA:9,(anonymous_1)
FNDA:2,(anonymous_2)
FNDA:11,(anonymous_3)
FNDA:6,(anonymous_4)
DA:1,11
DA:3,13
DA:4,13
DA:8,9
DA:12,2
DA:16,11
DA:20,6
LF:7
LH:7
BRDA:16,0,0,11
BRDA:16,0,1,11
BRF:2
BRH:2
end_of_record
TN:
SF:src/shared/infrastructure/http/HttpClient.ts
FN:7,(anonymous_1)
FN:17,(anonymous_2)
FNF:2
FNH:2
FNDA:12,(anonymous_1)
FNDA:4,(anonymous_2)
DA:1,10
DA:2,10
DA:4,10
DA:7,12
DA:8,12
DA:18,4
DA:19,4
DA:21,1
DA:23,3
DA:24,3
DA:25,1
DA:26,2
DA:27,1
DA:31,1
LF:14
LH:14
BRDA:23,0,0,3
BRDA:23,0,1,0
BRDA:24,1,0,1
BRDA:24,1,1,2
BRDA:26,2,0,1
BRDA:26,2,1,1
BRF:6
BRH:5
end_of_record
TN:
SF:src/shared/infrastructure/search/BinarySearchTree.ts
FN:6,(anonymous_0)
FN:11,(anonymous_1)
FN:15,(anonymous_2)
FN:31,(anonymous_3)
FN:38,(anonymous_4)
FNF:5
FNH:5
FNDA:19,(anonymous_0)
FNDA:26,(anonymous_1)
FNDA:50,(anonymous_2)
FNDA:13,(anonymous_3)
FNDA:52,(anonymous_4)
DA:1,10
DA:3,10
DA:4,19
DA:7,19
DA:8,19
DA:12,26
DA:16,50
DA:17,26
DA:20,24
DA:22,24
DA:23,4
DA:24,20
DA:25,20
DA:28,24
DA:32,13
DA:33,13
DA:35,13
DA:43,52
DA:44,29
DA:47,23
DA:49,23
DA:50,16
DA:51,16
DA:52,16
DA:53,7
DA:54,4
DA:56,3
LF:27
LH:27
BRDA:16,0,0,26
BRDA:16,0,1,24
BRDA:22,1,0,4
BRDA:22,1,1,20
BRDA:24,2,0,20
BRDA:24,2,1,0
BRDA:43,3,0,29
BRDA:43,3,1,23
BRDA:49,4,0,16
BRDA:49,4,1,7
BRDA:53,5,0,4
BRDA:53,5,1,3
BRF:12
BRH:11
end_of_record
TN:
SF:src/shared/infrastructure/search/TreeNode.ts
FN:5,(anonymous_0)
FN:7,(anonymous_1)
FN:11,(anonymous_2)
FNF:3
FNH:3
FNDA:26,(anonymous_0)
FNDA:4,(anonymous_1)
FNDA:20,(anonymous_2)
DA:1,10
DA:2,26
DA:3,26
DA:5,26
DA:8,4
DA:12,20
LF:6
LH:6
BRF:0
BRH:0
end_of_record
TN:
SF:src/shared/presentation/components/App.tsx
FN:13,App
FN:14,(anonymous_2)
FN:15,(anonymous_3)
FNF:3
FNH:0
FNDA:0,App
FNDA:0,(anonymous_2)
FNDA:0,(anonymous_3)
DA:1,0
DA:2,0
DA:3,0
DA:4,0
DA:5,0
DA:6,0
DA:7,0
DA:8,0
DA:9,0
DA:10,0
DA:11,0
DA:13,0
DA:14,0
DA:15,0
DA:16,0
DA:17,0
DA:19,0
DA:23,0
DA:26,0
LF:19
LH:0
BRF:0
BRH:0
end_of_record
TN:
SF:src/shared/presentation/components/ErrorMessage.tsx
FN:7,(anonymous_6)
FN:8,(anonymous_7)
FN:9,(anonymous_8)
FN:14,(anonymous_9)
FNF:4
FNH:3
FNDA:5,(anonymous_6)
FNDA:5,(anonymous_7)
FNDA:0,(anonymous_8)
FNDA:5,(anonymous_9)
DA:1,3
DA:2,3
DA:4,3
DA:7,3
DA:8,5
DA:9,5
DA:10,0
DA:11,0
DA:14,5
DA:17,5
DA:18,0
DA:21,5
LF:12
LH:9
BRDA:10,0,0,0
BRDA:10,0,1,0
BRDA:17,1,0,0
BRDA:17,1,1,5
BRF:4
BRH:1
end_of_record
TN:
SF:src/shared/presentation/components/Loading.tsx
FN:5,(anonymous_1)
FNF:1
FNH:1
FNDA:1,(anonymous_1)
DA:1,2
DA:2,2
DA:3,2
DA:5,2
DA:6,1
LF:5
LH:5
BRF:0
BRH:0
end_of_record
TN:
SF:src/shared/presentation/components/error/NotFoundPage.tsx
FN:3,NotFoundPage
FNF:1
FNH:1
FNDA:1,NotFoundPage
DA:1,1
DA:3,1
DA:4,1
LF:3
LH:3
BRF:0
BRH:0
end_of_record
